This file contains any messages produced by compilers while
running configure, to aid debugging if configure makes a mistake.

It was created by sphinx configure 1.11, which was
generated by GNU Autoconf 2.69.  Invocation command line was

  $ ./configure --prefix=/usr/local/coreseek --without-unixodbc --with-mmseg --with-mmseg-includes=/usr/local/mmseg3/include/mmseg/ --with-mmseg-libs=/usr/local/mmseg3/lib/ --with-mysql

## --------- ##
## Platform. ##
## --------- ##

hostname = iZwz910po7ze0fkemlm72lZ
uname -m = x86_64
uname -r = 4.4.0-62-generic
uname -s = Linux
uname -v = #83-Ubuntu SMP Wed Jan 18 14:10:15 UTC 2017

/usr/bin/uname -p = unknown
/bin/uname -X     = unknown

/bin/arch              = unknown
/usr/bin/arch -k       = unknown
/usr/convex/getsysinfo = unknown
/usr/bin/hostinfo      = unknown
/bin/machine           = unknown
/usr/bin/oslevel       = unknown
/bin/universe          = unknown

PATH: /usr/local/sbin
PATH: /usr/local/bin
PATH: /usr/sbin
PATH: /usr/bin
PATH: /sbin
PATH: /bin
PATH: /usr/games
PATH: /usr/local/games


## ----------- ##
## Core tests. ##
## ----------- ##

configure:2382: result: 
configure:2384: result: checking build environment
configure:2387: result: --------------------------
configure:2389: result: 
configure:2438: checking for a BSD-compatible install
configure:2506: result: /usr/bin/install -c
configure:2517: checking whether build environment is sane
configure:2572: result: yes
configure:2610: WARNING: 'missing' script is too old or missing
configure:2723: checking for a thread-safe mkdir -p
configure:2762: result: /bin/mkdir -p
configure:2769: checking for gawk
configure:2799: result: no
configure:2769: checking for mawk
configure:2785: found /usr/bin/mawk
configure:2796: result: mawk
configure:2807: checking whether make sets $(MAKE)
configure:2829: result: yes
configure:2858: checking whether make supports nested variables
configure:2875: result: yes
configure:2960: checking whether to enable maintainer-specific portions of Makefiles
configure:2969: result: no
configure:2994: checking for python
configure:3012: found /usr/bin/python
configure:3024: result: /usr/bin/python
configure:3045: checking for python version
configure:3052: result: 2.7
configure:3064: checking for python platform
configure:3071: result: linux2
configure:3097: checking for python script directory
configure:3132: result: ${prefix}/lib/python2.7/site-packages
configure:3141: checking for python extension module directory
configure:3176: result: ${exec_prefix}/lib/python2.7/site-packages
configure:3199: result: 
configure:3201: result: checking for compiler programs
configure:3204: result: ------------------------------
configure:3206: result: 
configure:3220: checking whether to compile debug version
configure:3230: result: no
configure:3294: checking for gcc
configure:3310: found /usr/bin/gcc
configure:3321: result: gcc
configure:3550: checking for C compiler version
configure:3559: gcc --version >&5
gcc (Ubuntu 5.4.0-6ubuntu1~16.04.10) 5.4.0 20160609
Copyright (C) 2015 Free Software Foundation, Inc.
This is free software; see the source for copying conditions.  There is NO
warranty; not even for MERCHANTABILITY or FITNESS FOR A PARTICULAR PURPOSE.

configure:3570: $? = 0
configure:3559: gcc -v >&5
Using built-in specs.
COLLECT_GCC=gcc
COLLECT_LTO_WRAPPER=/usr/lib/gcc/x86_64-linux-gnu/5/lto-wrapper
Target: x86_64-linux-gnu
Configured with: ../src/configure -v --with-pkgversion='Ubuntu 5.4.0-6ubuntu1~16.04.10' --with-bugurl=file:///usr/share/doc/gcc-5/README.Bugs --enable-languages=c,ada,c++,java,go,d,fortran,objc,obj-c++ --prefix=/usr --program-suffix=-5 --enable-shared --enable-linker-build-id --libexecdir=/usr/lib --without-included-gettext --enable-threads=posix --libdir=/usr/lib --enable-nls --with-sysroot=/ --enable-clocale=gnu --enable-libstdcxx-debug --enable-libstdcxx-time=yes --with-default-libstdcxx-abi=new --enable-gnu-unique-object --disable-vtable-verify --enable-libmpx --enable-plugin --with-system-zlib --disable-browser-plugin --enable-java-awt=gtk --enable-gtk-cairo --with-java-home=/usr/lib/jvm/java-1.5.0-gcj-5-amd64/jre --enable-java-home --with-jvm-root-dir=/usr/lib/jvm/java-1.5.0-gcj-5-amd64 --with-jvm-jar-dir=/usr/lib/jvm-exports/java-1.5.0-gcj-5-amd64 --with-arch-directory=amd64 --with-ecj-jar=/usr/share/java/eclipse-ecj.jar --enable-objc-gc --enable-multiarch --disable-werror --with-arch-32=i686 --with-abi=m64 --with-multilib-list=m32,m64,mx32 --enable-multilib --with-tune=generic --enable-checking=release --build=x86_64-linux-gnu --host=x86_64-linux-gnu --target=x86_64-linux-gnu
Thread model: posix
gcc version 5.4.0 20160609 (Ubuntu 5.4.0-6ubuntu1~16.04.10) 
configure:3570: $? = 0
configure:3559: gcc -V >&5
gcc: error: unrecognized command line option '-V'
gcc: fatal error: no input files
compilation terminated.
configure:3570: $? = 1
configure:3559: gcc -qversion >&5
gcc: error: unrecognized command line option '-qversion'
gcc: fatal error: no input files
compilation terminated.
configure:3570: $? = 1
configure:3590: checking whether the C compiler works
configure:3612: gcc -Wall -g -D_FILE_OFFSET_BITS=64 -O3 -DNDEBUG  -I/usr/local/include  conftest.c  -L/usr/local/lib >&5
configure:3616: $? = 0
configure:3664: result: yes
configure:3667: checking for C compiler default output file name
configure:3669: result: a.out
configure:3675: checking for suffix of executables
configure:3682: gcc -o conftest -Wall -g -D_FILE_OFFSET_BITS=64 -O3 -DNDEBUG  -I/usr/local/include  conftest.c  -L/usr/local/lib >&5
configure:3686: $? = 0
configure:3708: result: 
configure:3730: checking whether we are cross compiling
configure:3738: gcc -o conftest -Wall -g -D_FILE_OFFSET_BITS=64 -O3 -DNDEBUG  -I/usr/local/include  conftest.c  -L/usr/local/lib >&5
configure:3742: $? = 0
configure:3749: ./conftest
configure:3753: $? = 0
configure:3768: result: no
configure:3773: checking for suffix of object files
configure:3795: gcc -c -Wall -g -D_FILE_OFFSET_BITS=64 -O3 -DNDEBUG  -I/usr/local/include conftest.c >&5
configure:3799: $? = 0
configure:3820: result: o
configure:3824: checking whether we are using the GNU C compiler
configure:3843: gcc -c -Wall -g -D_FILE_OFFSET_BITS=64 -O3 -DNDEBUG  -I/usr/local/include conftest.c >&5
configure:3843: $? = 0
configure:3852: result: yes
configure:3861: checking whether gcc accepts -g
configure:3881: gcc -c -g  -I/usr/local/include conftest.c >&5
configure:3881: $? = 0
configure:3922: result: yes
configure:3939: checking for gcc option to accept ISO C89
configure:4002: gcc  -c -Wall -g -D_FILE_OFFSET_BITS=64 -O3 -DNDEBUG  -I/usr/local/include conftest.c >&5
configure:4002: $? = 0
configure:4015: result: none needed
configure:4046: checking for style of include used by make
configure:4074: result: GNU
configure:4100: checking dependency style of gcc
configure:4211: result: gcc3
configure:4284: checking for g++
configure:4300: found /usr/bin/g++
configure:4311: result: g++
configure:4338: checking for C++ compiler version
configure:4347: g++ --version >&5
g++ (Ubuntu 5.4.0-6ubuntu1~16.04.10) 5.4.0 20160609
Copyright (C) 2015 Free Software Foundation, Inc.
This is free software; see the source for copying conditions.  There is NO
warranty; not even for MERCHANTABILITY or FITNESS FOR A PARTICULAR PURPOSE.

configure:4358: $? = 0
configure:4347: g++ -v >&5
Using built-in specs.
COLLECT_GCC=g++
COLLECT_LTO_WRAPPER=/usr/lib/gcc/x86_64-linux-gnu/5/lto-wrapper
Target: x86_64-linux-gnu
Configured with: ../src/configure -v --with-pkgversion='Ubuntu 5.4.0-6ubuntu1~16.04.10' --with-bugurl=file:///usr/share/doc/gcc-5/README.Bugs --enable-languages=c,ada,c++,java,go,d,fortran,objc,obj-c++ --prefix=/usr --program-suffix=-5 --enable-shared --enable-linker-build-id --libexecdir=/usr/lib --without-included-gettext --enable-threads=posix --libdir=/usr/lib --enable-nls --with-sysroot=/ --enable-clocale=gnu --enable-libstdcxx-debug --enable-libstdcxx-time=yes --with-default-libstdcxx-abi=new --enable-gnu-unique-object --disable-vtable-verify --enable-libmpx --enable-plugin --with-system-zlib --disable-browser-plugin --enable-java-awt=gtk --enable-gtk-cairo --with-java-home=/usr/lib/jvm/java-1.5.0-gcj-5-amd64/jre --enable-java-home --with-jvm-root-dir=/usr/lib/jvm/java-1.5.0-gcj-5-amd64 --with-jvm-jar-dir=/usr/lib/jvm-exports/java-1.5.0-gcj-5-amd64 --with-arch-directory=amd64 --with-ecj-jar=/usr/share/java/eclipse-ecj.jar --enable-objc-gc --enable-multiarch --disable-werror --with-arch-32=i686 --with-abi=m64 --with-multilib-list=m32,m64,mx32 --enable-multilib --with-tune=generic --enable-checking=release --build=x86_64-linux-gnu --host=x86_64-linux-gnu --target=x86_64-linux-gnu
Thread model: posix
gcc version 5.4.0 20160609 (Ubuntu 5.4.0-6ubuntu1~16.04.10) 
configure:4358: $? = 0
configure:4347: g++ -V >&5
g++: error: unrecognized command line option '-V'
g++: fatal error: no input files
compilation terminated.
configure:4358: $? = 1
configure:4347: g++ -qversion >&5
g++: error: unrecognized command line option '-qversion'
g++: fatal error: no input files
compilation terminated.
configure:4358: $? = 1
configure:4362: checking whether we are using the GNU C++ compiler
configure:4381: g++ -c -Wall -g -D_FILE_OFFSET_BITS=64 -O3 -DNDEBUG  -I/usr/local/include conftest.cpp >&5
configure:4381: $? = 0
configure:4390: result: yes
configure:4399: checking whether g++ accepts -g
configure:4419: g++ -c -g  -I/usr/local/include conftest.cpp >&5
configure:4419: $? = 0
configure:4460: result: yes
configure:4485: checking dependency style of g++
configure:4596: result: gcc3
configure:4654: checking for ranlib
configure:4670: found /usr/bin/ranlib
configure:4681: result: ranlib
configure:4803: gcc -c -Wall -g -D_FILE_OFFSET_BITS=64 -O3 -DNDEBUG  -I/usr/local/include conftest.c >&5
conftest.c:14:6: warning: return type of 'main' is not 'int' [-Wmain]
 void main() {}
      ^
configure:4803: $? = 0
configure:4823: result: 
configure:4825: result: checking for header files
configure:4828: result: -------------------------
configure:4830: result: 
configure:4840: checking how to run the C preprocessor
configure:4871: gcc -E  -I/usr/local/include conftest.c
configure:4871: $? = 0
configure:4885: gcc -E  -I/usr/local/include conftest.c
conftest.c:13:28: fatal error: ac_nonexistent.h: No such file or directory
compilation terminated.
configure:4885: $? = 1
configure: failed program was:
| /* confdefs.h */
| #define PACKAGE_NAME "sphinx"
| #define PACKAGE_TARNAME "sphinx"
| #define PACKAGE_VERSION "1.11"
| #define PACKAGE_STRING "sphinx 1.11"
| #define PACKAGE_BUGREPORT "shodan(at)shodan.ru"
| #define PACKAGE_URL ""
| #define PACKAGE "sphinx"
| #define VERSION "1.11"
| #define COMPILER "gcc 5.4.0"
| #define OS_UNAME "Linux iZwz910po7ze0fkemlm72lZ 4.4.0-62-generic #83-Ubuntu SMP Wed Jan 18 14:10:15 UTC 2017 x86_64 x86_64 x86_64 GNU/Linux"
| /* end confdefs.h.  */
| #include <ac_nonexistent.h>
configure:4910: result: gcc -E
configure:4930: gcc -E  -I/usr/local/include conftest.c
configure:4930: $? = 0
configure:4944: gcc -E  -I/usr/local/include conftest.c
conftest.c:13:28: fatal error: ac_nonexistent.h: No such file or directory
compilation terminated.
configure:4944: $? = 1
configure: failed program was:
| /* confdefs.h */
| #define PACKAGE_NAME "sphinx"
| #define PACKAGE_TARNAME "sphinx"
| #define PACKAGE_VERSION "1.11"
| #define PACKAGE_STRING "sphinx 1.11"
| #define PACKAGE_BUGREPORT "shodan(at)shodan.ru"
| #define PACKAGE_URL ""
| #define PACKAGE "sphinx"
| #define VERSION "1.11"
| #define COMPILER "gcc 5.4.0"
| #define OS_UNAME "Linux iZwz910po7ze0fkemlm72lZ 4.4.0-62-generic #83-Ubuntu SMP Wed Jan 18 14:10:15 UTC 2017 x86_64 x86_64 x86_64 GNU/Linux"
| /* end confdefs.h.  */
| #include <ac_nonexistent.h>
configure:4973: checking for grep that handles long lines and -e
configure:5031: result: /bin/grep
configure:5036: checking for egrep
configure:5098: result: /bin/grep -E
configure:5103: checking for ANSI C header files
configure:5123: gcc -c -Wall -g -D_FILE_OFFSET_BITS=64 -O3 -DNDEBUG  -I/usr/local/include conftest.c >&5
configure:5123: $? = 0
configure:5196: gcc -o conftest -Wall -g -D_FILE_OFFSET_BITS=64 -O3 -DNDEBUG  -I/usr/local/include  conftest.c  -L/usr/local/lib >&5
configure:5196: $? = 0
configure:5196: ./conftest
configure:5196: $? = 0
configure:5207: result: yes
configure:5215: checking for sys/wait.h that is POSIX.1 compatible
configure:5241: gcc -c -Wall -g -D_FILE_OFFSET_BITS=64 -O3 -DNDEBUG  -I/usr/local/include conftest.c >&5
configure:5241: $? = 0
configure:5248: result: yes
configure:5261: checking for sys/types.h
configure:5261: gcc -c -Wall -g -D_FILE_OFFSET_BITS=64 -O3 -DNDEBUG  -I/usr/local/include conftest.c >&5
configure:5261: $? = 0
configure:5261: result: yes
configure:5261: checking for sys/stat.h
configure:5261: gcc -c -Wall -g -D_FILE_OFFSET_BITS=64 -O3 -DNDEBUG  -I/usr/local/include conftest.c >&5
configure:5261: $? = 0
configure:5261: result: yes
configure:5261: checking for stdlib.h
configure:5261: gcc -c -Wall -g -D_FILE_OFFSET_BITS=64 -O3 -DNDEBUG  -I/usr/local/include conftest.c >&5
configure:5261: $? = 0
configure:5261: result: yes
configure:5261: checking for string.h
configure:5261: gcc -c -Wall -g -D_FILE_OFFSET_BITS=64 -O3 -DNDEBUG  -I/usr/local/include conftest.c >&5
configure:5261: $? = 0
configure:5261: result: yes
configure:5261: checking for memory.h
configure:5261: gcc -c -Wall -g -D_FILE_OFFSET_BITS=64 -O3 -DNDEBUG  -I/usr/local/include conftest.c >&5
configure:5261: $? = 0
configure:5261: result: yes
configure:5261: checking for strings.h
configure:5261: gcc -c -Wall -g -D_FILE_OFFSET_BITS=64 -O3 -DNDEBUG  -I/usr/local/include conftest.c >&5
configure:5261: $? = 0
configure:5261: result: yes
configure:5261: checking for inttypes.h
configure:5261: gcc -c -Wall -g -D_FILE_OFFSET_BITS=64 -O3 -DNDEBUG  -I/usr/local/include conftest.c >&5
configure:5261: $? = 0
configure:5261: result: yes
configure:5261: checking for stdint.h
configure:5261: gcc -c -Wall -g -D_FILE_OFFSET_BITS=64 -O3 -DNDEBUG  -I/usr/local/include conftest.c >&5
configure:5261: $? = 0
configure:5261: result: yes
configure:5261: checking for unistd.h
configure:5261: gcc -c -Wall -g -D_FILE_OFFSET_BITS=64 -O3 -DNDEBUG  -I/usr/local/include conftest.c >&5
configure:5261: $? = 0
configure:5261: result: yes
configure:5276: checking fcntl.h usability
configure:5276: gcc -c -Wall -g -D_FILE_OFFSET_BITS=64 -O3 -DNDEBUG  -I/usr/local/include conftest.c >&5
configure:5276: $? = 0
configure:5276: result: yes
configure:5276: checking fcntl.h presence
configure:5276: gcc -E  -I/usr/local/include conftest.c
configure:5276: $? = 0
configure:5276: result: yes
configure:5276: checking for fcntl.h
configure:5276: result: yes
configure:5276: checking limits.h usability
configure:5276: gcc -c -Wall -g -D_FILE_OFFSET_BITS=64 -O3 -DNDEBUG  -I/usr/local/include conftest.c >&5
configure:5276: $? = 0
configure:5276: result: yes
configure:5276: checking limits.h presence
configure:5276: gcc -E  -I/usr/local/include conftest.c
configure:5276: $? = 0
configure:5276: result: yes
configure:5276: checking for limits.h
configure:5276: result: yes
configure:5276: checking netdb.h usability
configure:5276: gcc -c -Wall -g -D_FILE_OFFSET_BITS=64 -O3 -DNDEBUG  -I/usr/local/include conftest.c >&5
configure:5276: $? = 0
configure:5276: result: yes
configure:5276: checking netdb.h presence
configure:5276: gcc -E  -I/usr/local/include conftest.c
configure:5276: $? = 0
configure:5276: result: yes
configure:5276: checking for netdb.h
configure:5276: result: yes
configure:5276: checking netinet/in.h usability
configure:5276: gcc -c -Wall -g -D_FILE_OFFSET_BITS=64 -O3 -DNDEBUG  -I/usr/local/include conftest.c >&5
configure:5276: $? = 0
configure:5276: result: yes
configure:5276: checking netinet/in.h presence
configure:5276: gcc -E  -I/usr/local/include conftest.c
configure:5276: $? = 0
configure:5276: result: yes
configure:5276: checking for netinet/in.h
configure:5276: result: yes
configure:5276: checking for stdlib.h
configure:5276: result: yes
configure:5276: checking for string.h
configure:5276: result: yes
configure:5276: checking sys/file.h usability
configure:5276: gcc -c -Wall -g -D_FILE_OFFSET_BITS=64 -O3 -DNDEBUG  -I/usr/local/include conftest.c >&5
configure:5276: $? = 0
configure:5276: result: yes
configure:5276: checking sys/file.h presence
configure:5276: gcc -E  -I/usr/local/include conftest.c
configure:5276: $? = 0
configure:5276: result: yes
configure:5276: checking for sys/file.h
configure:5276: result: yes
configure:5276: checking sys/socket.h usability
configure:5276: gcc -c -Wall -g -D_FILE_OFFSET_BITS=64 -O3 -DNDEBUG  -I/usr/local/include conftest.c >&5
configure:5276: $? = 0
configure:5276: result: yes
configure:5276: checking sys/socket.h presence
configure:5276: gcc -E  -I/usr/local/include conftest.c
configure:5276: $? = 0
configure:5276: result: yes
configure:5276: checking for sys/socket.h
configure:5276: result: yes
configure:5276: checking sys/time.h usability
configure:5276: gcc -c -Wall -g -D_FILE_OFFSET_BITS=64 -O3 -DNDEBUG  -I/usr/local/include conftest.c >&5
configure:5276: $? = 0
configure:5276: result: yes
configure:5276: checking sys/time.h presence
configure:5276: gcc -E  -I/usr/local/include conftest.c
configure:5276: $? = 0
configure:5276: result: yes
configure:5276: checking for sys/time.h
configure:5276: result: yes
configure:5276: checking for unistd.h
configure:5276: result: yes
configure:5276: checking pthread.h usability
configure:5276: gcc -c -Wall -g -D_FILE_OFFSET_BITS=64 -O3 -DNDEBUG  -I/usr/local/include conftest.c >&5
configure:5276: $? = 0
configure:5276: result: yes
configure:5276: checking pthread.h presence
configure:5276: gcc -E  -I/usr/local/include conftest.c
configure:5276: $? = 0
configure:5276: result: yes
configure:5276: checking for pthread.h
configure:5276: result: yes
configure:5276: checking execinfo.h usability
configure:5276: gcc -c -Wall -g -D_FILE_OFFSET_BITS=64 -O3 -DNDEBUG  -I/usr/local/include conftest.c >&5
configure:5276: $? = 0
configure:5276: result: yes
configure:5276: checking execinfo.h presence
configure:5276: gcc -E  -I/usr/local/include conftest.c
configure:5276: $? = 0
configure:5276: result: yes
configure:5276: checking for execinfo.h
configure:5276: result: yes
configure:5286: checking expat.h usability
configure:5286: gcc -c -Wall -g -D_FILE_OFFSET_BITS=64 -O3 -DNDEBUG  -I/usr/local/include conftest.c >&5
configure:5286: $? = 0
configure:5286: result: yes
configure:5286: checking expat.h presence
configure:5286: gcc -E  -I/usr/local/include conftest.c
configure:5286: $? = 0
configure:5286: result: yes
configure:5286: checking for expat.h
configure:5286: result: yes
configure:5294: checking iconv.h usability
configure:5294: gcc -c -Wall -g -D_FILE_OFFSET_BITS=64 -O3 -DNDEBUG  -I/usr/local/include conftest.c >&5
configure:5294: $? = 0
configure:5294: result: yes
configure:5294: checking iconv.h presence
configure:5294: gcc -E  -I/usr/local/include conftest.c
configure:5294: $? = 0
configure:5294: result: yes
configure:5294: checking for iconv.h
configure:5294: result: yes
configure:5302: checking zlib.h usability
configure:5302: gcc -c -Wall -g -D_FILE_OFFSET_BITS=64 -O3 -DNDEBUG  -I/usr/local/include conftest.c >&5
configure:5302: $? = 0
configure:5302: result: yes
configure:5302: checking zlib.h presence
configure:5302: gcc -E  -I/usr/local/include conftest.c
configure:5302: $? = 0
configure:5302: result: yes
configure:5302: checking for zlib.h
configure:5302: result: yes
configure:5310: checking sql.h usability
configure:5310: gcc -c -Wall -g -D_FILE_OFFSET_BITS=64 -O3 -DNDEBUG  -I/usr/local/include conftest.c >&5
conftest.c:69:17: fatal error: sql.h: No such file or directory
compilation terminated.
configure:5310: $? = 1
configure: failed program was:
| /* confdefs.h */
| #define PACKAGE_NAME "sphinx"
| #define PACKAGE_TARNAME "sphinx"
| #define PACKAGE_VERSION "1.11"
| #define PACKAGE_STRING "sphinx 1.11"
| #define PACKAGE_BUGREPORT "shodan(at)shodan.ru"
| #define PACKAGE_URL ""
| #define PACKAGE "sphinx"
| #define VERSION "1.11"
| #define COMPILER "gcc 5.4.0"
| #define OS_UNAME "Linux iZwz910po7ze0fkemlm72lZ 4.4.0-62-generic #83-Ubuntu SMP Wed Jan 18 14:10:15 UTC 2017 x86_64 x86_64 x86_64 GNU/Linux"
| #define STDC_HEADERS 1
| #define HAVE_SYS_WAIT_H 1
| #define HAVE_SYS_TYPES_H 1
| #define HAVE_SYS_STAT_H 1
| #define HAVE_STDLIB_H 1
| #define HAVE_STRING_H 1
| #define HAVE_MEMORY_H 1
| #define HAVE_STRINGS_H 1
| #define HAVE_INTTYPES_H 1
| #define HAVE_STDINT_H 1
| #define HAVE_UNISTD_H 1
| #define HAVE_FCNTL_H 1
| #define HAVE_LIMITS_H 1
| #define HAVE_NETDB_H 1
| #define HAVE_NETINET_IN_H 1
| #define HAVE_STDLIB_H 1
| #define HAVE_STRING_H 1
| #define HAVE_SYS_FILE_H 1
| #define HAVE_SYS_SOCKET_H 1
| #define HAVE_SYS_TIME_H 1
| #define HAVE_UNISTD_H 1
| #define HAVE_PTHREAD_H 1
| #define HAVE_EXECINFO_H 1
| /* end confdefs.h.  */
| #include <stdio.h>
| #ifdef HAVE_SYS_TYPES_H
| # include <sys/types.h>
| #endif
| #ifdef HAVE_SYS_STAT_H
| # include <sys/stat.h>
| #endif
| #ifdef STDC_HEADERS
| # include <stdlib.h>
| # include <stddef.h>
| #else
| # ifdef HAVE_STDLIB_H
| #  include <stdlib.h>
| # endif
| #endif
| #ifdef HAVE_STRING_H
| # if !defined STDC_HEADERS && defined HAVE_MEMORY_H
| #  include <memory.h>
| # endif
| # include <string.h>
| #endif
| #ifdef HAVE_STRINGS_H
| # include <strings.h>
| #endif
| #ifdef HAVE_INTTYPES_H
| # include <inttypes.h>
| #endif
| #ifdef HAVE_STDINT_H
| # include <stdint.h>
| #endif
| #ifdef HAVE_UNISTD_H
| # include <unistd.h>
| #endif
| #include <sql.h>
configure:5310: result: no
configure:5310: checking sql.h presence
configure:5310: gcc -E  -I/usr/local/include conftest.c
conftest.c:36:17: fatal error: sql.h: No such file or directory
compilation terminated.
configure:5310: $? = 1
configure: failed program was:
| /* confdefs.h */
| #define PACKAGE_NAME "sphinx"
| #define PACKAGE_TARNAME "sphinx"
| #define PACKAGE_VERSION "1.11"
| #define PACKAGE_STRING "sphinx 1.11"
| #define PACKAGE_BUGREPORT "shodan(at)shodan.ru"
| #define PACKAGE_URL ""
| #define PACKAGE "sphinx"
| #define VERSION "1.11"
| #define COMPILER "gcc 5.4.0"
| #define OS_UNAME "Linux iZwz910po7ze0fkemlm72lZ 4.4.0-62-generic #83-Ubuntu SMP Wed Jan 18 14:10:15 UTC 2017 x86_64 x86_64 x86_64 GNU/Linux"
| #define STDC_HEADERS 1
| #define HAVE_SYS_WAIT_H 1
| #define HAVE_SYS_TYPES_H 1
| #define HAVE_SYS_STAT_H 1
| #define HAVE_STDLIB_H 1
| #define HAVE_STRING_H 1
| #define HAVE_MEMORY_H 1
| #define HAVE_STRINGS_H 1
| #define HAVE_INTTYPES_H 1
| #define HAVE_STDINT_H 1
| #define HAVE_UNISTD_H 1
| #define HAVE_FCNTL_H 1
| #define HAVE_LIMITS_H 1
| #define HAVE_NETDB_H 1
| #define HAVE_NETINET_IN_H 1
| #define HAVE_STDLIB_H 1
| #define HAVE_STRING_H 1
| #define HAVE_SYS_FILE_H 1
| #define HAVE_SYS_SOCKET_H 1
| #define HAVE_SYS_TIME_H 1
| #define HAVE_UNISTD_H 1
| #define HAVE_PTHREAD_H 1
| #define HAVE_EXECINFO_H 1
| /* end confdefs.h.  */
| #include <sql.h>
configure:5310: result: no
configure:5310: checking for sql.h
configure:5310: result: no
configure:5318: checking syslog.h usability
configure:5318: gcc -c -Wall -g -D_FILE_OFFSET_BITS=64 -O3 -DNDEBUG  -I/usr/local/include conftest.c >&5
configure:5318: $? = 0
configure:5318: result: yes
configure:5318: checking syslog.h presence
configure:5318: gcc -E  -I/usr/local/include conftest.c
configure:5318: $? = 0
configure:5318: result: yes
configure:5318: checking for syslog.h
configure:5318: result: yes
configure:5329: result: 
configure:5331: result: checking for types
configure:5334: result: ------------------
configure:5336: result: 
configure:5341: checking for stdbool.h that conforms to C99
configure:5408: gcc -c -Wall -g -D_FILE_OFFSET_BITS=64 -O3 -DNDEBUG  -I/usr/local/include conftest.c >&5
conftest.c: In function 'main':
conftest.c:85:14: warning: the address of 's' will always evaluate as 'true' [-Waddress]
              bool e = &s;
              ^
conftest.c:89:22: warning: the address of 'a' will always evaluate as 'true' [-Waddress]
              return (!a + !b + !c + !d + !e + !f + !g + !h + !i + !!j + !k + !!l
                      ^
conftest.c:89:27: warning: the address of 'b' will always evaluate as 'true' [-Waddress]
              return (!a + !b + !c + !d + !e + !f + !g + !h + !i + !!j + !k + !!l
                           ^
conftest.c:89:32: warning: the address of 'c' will always evaluate as 'true' [-Waddress]
              return (!a + !b + !c + !d + !e + !f + !g + !h + !i + !!j + !k + !!l
                                ^
conftest.c:89:37: warning: the address of 'd' will always evaluate as 'true' [-Waddress]
              return (!a + !b + !c + !d + !e + !f + !g + !h + !i + !!j + !k + !!l
                                     ^
conftest.c:89:47: warning: the address of 'f' will always evaluate as 'true' [-Waddress]
              return (!a + !b + !c + !d + !e + !f + !g + !h + !i + !!j + !k + !!l
                                               ^
conftest.c:89:52: warning: the address of 'g' will always evaluate as 'true' [-Waddress]
              return (!a + !b + !c + !d + !e + !f + !g + !h + !i + !!j + !k + !!l
                                                    ^
conftest.c:89:57: warning: the address of 'h' will always evaluate as 'true' [-Waddress]
              return (!a + !b + !c + !d + !e + !f + !g + !h + !i + !!j + !k + !!l
                                                         ^
conftest.c:89:62: warning: the address of 'i' will always evaluate as 'true' [-Waddress]
              return (!a + !b + !c + !d + !e + !f + !g + !h + !i + !!j + !k + !!l
                                                              ^
conftest.c:90:29: warning: the address of 'n' will always evaluate as 'true' [-Waddress]
                             ^
conftest.c:90:34: warning: the address of 'o' will always evaluate as 'true' [-Waddress]
                                  ^
conftest.c:90:39: warning: the address of 'p' will always evaluate as 'true' [-Waddress]
                                       ^
configure:5408: $? = 0
configure:5415: result: yes
configure:5417: checking for _Bool
configure:5417: gcc -c -Wall -g -D_FILE_OFFSET_BITS=64 -O3 -DNDEBUG  -I/usr/local/include conftest.c >&5
configure:5417: $? = 0
configure:5417: gcc -c -Wall -g -D_FILE_OFFSET_BITS=64 -O3 -DNDEBUG  -I/usr/local/include conftest.c >&5
conftest.c: In function 'main':
conftest.c:72:20: error: expected expression before ')' token
 if (sizeof ((_Bool)))
                    ^
configure:5417: $? = 1
configure: failed program was:
| /* confdefs.h */
| #define PACKAGE_NAME "sphinx"
| #define PACKAGE_TARNAME "sphinx"
| #define PACKAGE_VERSION "1.11"
| #define PACKAGE_STRING "sphinx 1.11"
| #define PACKAGE_BUGREPORT "shodan(at)shodan.ru"
| #define PACKAGE_URL ""
| #define PACKAGE "sphinx"
| #define VERSION "1.11"
| #define COMPILER "gcc 5.4.0"
| #define OS_UNAME "Linux iZwz910po7ze0fkemlm72lZ 4.4.0-62-generic #83-Ubuntu SMP Wed Jan 18 14:10:15 UTC 2017 x86_64 x86_64 x86_64 GNU/Linux"
| #define STDC_HEADERS 1
| #define HAVE_SYS_WAIT_H 1
| #define HAVE_SYS_TYPES_H 1
| #define HAVE_SYS_STAT_H 1
| #define HAVE_STDLIB_H 1
| #define HAVE_STRING_H 1
| #define HAVE_MEMORY_H 1
| #define HAVE_STRINGS_H 1
| #define HAVE_INTTYPES_H 1
| #define HAVE_STDINT_H 1
| #define HAVE_UNISTD_H 1
| #define HAVE_FCNTL_H 1
| #define HAVE_LIMITS_H 1
| #define HAVE_NETDB_H 1
| #define HAVE_NETINET_IN_H 1
| #define HAVE_STDLIB_H 1
| #define HAVE_STRING_H 1
| #define HAVE_SYS_FILE_H 1
| #define HAVE_SYS_SOCKET_H 1
| #define HAVE_SYS_TIME_H 1
| #define HAVE_UNISTD_H 1
| #define HAVE_PTHREAD_H 1
| #define HAVE_EXECINFO_H 1
| /* end confdefs.h.  */
| #include <stdio.h>
| #ifdef HAVE_SYS_TYPES_H
| # include <sys/types.h>
| #endif
| #ifdef HAVE_SYS_STAT_H
| # include <sys/stat.h>
| #endif
| #ifdef STDC_HEADERS
| # include <stdlib.h>
| # include <stddef.h>
| #else
| # ifdef HAVE_STDLIB_H
| #  include <stdlib.h>
| # endif
| #endif
| #ifdef HAVE_STRING_H
| # if !defined STDC_HEADERS && defined HAVE_MEMORY_H
| #  include <memory.h>
| # endif
| # include <string.h>
| #endif
| #ifdef HAVE_STRINGS_H
| # include <strings.h>
| #endif
| #ifdef HAVE_INTTYPES_H
| # include <inttypes.h>
| #endif
| #ifdef HAVE_STDINT_H
| # include <stdint.h>
| #endif
| #ifdef HAVE_UNISTD_H
| # include <unistd.h>
| #endif
| int
| main ()
| {
| if (sizeof ((_Bool)))
| 	    return 0;
|   ;
|   return 0;
| }
configure:5417: result: yes
configure:5434: checking for an ANSI C-conforming const
configure:5500: gcc -c -Wall -g -D_FILE_OFFSET_BITS=64 -O3 -DNDEBUG  -I/usr/local/include conftest.c >&5
configure:5500: $? = 0
configure:5507: result: yes
configure:5515: checking for inline
configure:5531: gcc -c -Wall -g -D_FILE_OFFSET_BITS=64 -O3 -DNDEBUG  -I/usr/local/include conftest.c >&5
configure:5531: $? = 0
configure:5539: result: inline
configure:5557: checking for off_t
configure:5557: gcc -c -Wall -g -D_FILE_OFFSET_BITS=64 -O3 -DNDEBUG  -I/usr/local/include conftest.c >&5
configure:5557: $? = 0
configure:5557: gcc -c -Wall -g -D_FILE_OFFSET_BITS=64 -O3 -DNDEBUG  -I/usr/local/include conftest.c >&5
conftest.c: In function 'main':
conftest.c:74:20: error: expected expression before ')' token
 if (sizeof ((off_t)))
                    ^
configure:5557: $? = 1
configure: failed program was:
| /* confdefs.h */
| #define PACKAGE_NAME "sphinx"
| #define PACKAGE_TARNAME "sphinx"
| #define PACKAGE_VERSION "1.11"
| #define PACKAGE_STRING "sphinx 1.11"
| #define PACKAGE_BUGREPORT "shodan(at)shodan.ru"
| #define PACKAGE_URL ""
| #define PACKAGE "sphinx"
| #define VERSION "1.11"
| #define COMPILER "gcc 5.4.0"
| #define OS_UNAME "Linux iZwz910po7ze0fkemlm72lZ 4.4.0-62-generic #83-Ubuntu SMP Wed Jan 18 14:10:15 UTC 2017 x86_64 x86_64 x86_64 GNU/Linux"
| #define STDC_HEADERS 1
| #define HAVE_SYS_WAIT_H 1
| #define HAVE_SYS_TYPES_H 1
| #define HAVE_SYS_STAT_H 1
| #define HAVE_STDLIB_H 1
| #define HAVE_STRING_H 1
| #define HAVE_MEMORY_H 1
| #define HAVE_STRINGS_H 1
| #define HAVE_INTTYPES_H 1
| #define HAVE_STDINT_H 1
| #define HAVE_UNISTD_H 1
| #define HAVE_FCNTL_H 1
| #define HAVE_LIMITS_H 1
| #define HAVE_NETDB_H 1
| #define HAVE_NETINET_IN_H 1
| #define HAVE_STDLIB_H 1
| #define HAVE_STRING_H 1
| #define HAVE_SYS_FILE_H 1
| #define HAVE_SYS_SOCKET_H 1
| #define HAVE_SYS_TIME_H 1
| #define HAVE_UNISTD_H 1
| #define HAVE_PTHREAD_H 1
| #define HAVE_EXECINFO_H 1
| #define HAVE__BOOL 1
| #define HAVE_STDBOOL_H 1
| /* end confdefs.h.  */
| #include <stdio.h>
| #ifdef HAVE_SYS_TYPES_H
| # include <sys/types.h>
| #endif
| #ifdef HAVE_SYS_STAT_H
| # include <sys/stat.h>
| #endif
| #ifdef STDC_HEADERS
| # include <stdlib.h>
| # include <stddef.h>
| #else
| # ifdef HAVE_STDLIB_H
| #  include <stdlib.h>
| # endif
| #endif
| #ifdef HAVE_STRING_H
| # if !defined STDC_HEADERS && defined HAVE_MEMORY_H
| #  include <memory.h>
| # endif
| # include <string.h>
| #endif
| #ifdef HAVE_STRINGS_H
| # include <strings.h>
| #endif
| #ifdef HAVE_INTTYPES_H
| # include <inttypes.h>
| #endif
| #ifdef HAVE_STDINT_H
| # include <stdint.h>
| #endif
| #ifdef HAVE_UNISTD_H
| # include <unistd.h>
| #endif
| int
| main ()
| {
| if (sizeof ((off_t)))
| 	    return 0;
|   ;
|   return 0;
| }
configure:5557: result: yes
configure:5568: checking for size_t
configure:5568: gcc -c -Wall -g -D_FILE_OFFSET_BITS=64 -O3 -DNDEBUG  -I/usr/local/include conftest.c >&5
configure:5568: $? = 0
configure:5568: gcc -c -Wall -g -D_FILE_OFFSET_BITS=64 -O3 -DNDEBUG  -I/usr/local/include conftest.c >&5
conftest.c: In function 'main':
conftest.c:74:21: error: expected expression before ')' token
 if (sizeof ((size_t)))
                     ^
configure:5568: $? = 1
configure: failed program was:
| /* confdefs.h */
| #define PACKAGE_NAME "sphinx"
| #define PACKAGE_TARNAME "sphinx"
| #define PACKAGE_VERSION "1.11"
| #define PACKAGE_STRING "sphinx 1.11"
| #define PACKAGE_BUGREPORT "shodan(at)shodan.ru"
| #define PACKAGE_URL ""
| #define PACKAGE "sphinx"
| #define VERSION "1.11"
| #define COMPILER "gcc 5.4.0"
| #define OS_UNAME "Linux iZwz910po7ze0fkemlm72lZ 4.4.0-62-generic #83-Ubuntu SMP Wed Jan 18 14:10:15 UTC 2017 x86_64 x86_64 x86_64 GNU/Linux"
| #define STDC_HEADERS 1
| #define HAVE_SYS_WAIT_H 1
| #define HAVE_SYS_TYPES_H 1
| #define HAVE_SYS_STAT_H 1
| #define HAVE_STDLIB_H 1
| #define HAVE_STRING_H 1
| #define HAVE_MEMORY_H 1
| #define HAVE_STRINGS_H 1
| #define HAVE_INTTYPES_H 1
| #define HAVE_STDINT_H 1
| #define HAVE_UNISTD_H 1
| #define HAVE_FCNTL_H 1
| #define HAVE_LIMITS_H 1
| #define HAVE_NETDB_H 1
| #define HAVE_NETINET_IN_H 1
| #define HAVE_STDLIB_H 1
| #define HAVE_STRING_H 1
| #define HAVE_SYS_FILE_H 1
| #define HAVE_SYS_SOCKET_H 1
| #define HAVE_SYS_TIME_H 1
| #define HAVE_UNISTD_H 1
| #define HAVE_PTHREAD_H 1
| #define HAVE_EXECINFO_H 1
| #define HAVE__BOOL 1
| #define HAVE_STDBOOL_H 1
| /* end confdefs.h.  */
| #include <stdio.h>
| #ifdef HAVE_SYS_TYPES_H
| # include <sys/types.h>
| #endif
| #ifdef HAVE_SYS_STAT_H
| # include <sys/stat.h>
| #endif
| #ifdef STDC_HEADERS
| # include <stdlib.h>
| # include <stddef.h>
| #else
| # ifdef HAVE_STDLIB_H
| #  include <stdlib.h>
| # endif
| #endif
| #ifdef HAVE_STRING_H
| # if !defined STDC_HEADERS && defined HAVE_MEMORY_H
| #  include <memory.h>
| # endif
| # include <string.h>
| #endif
| #ifdef HAVE_STRINGS_H
| # include <strings.h>
| #endif
| #ifdef HAVE_INTTYPES_H
| # include <inttypes.h>
| #endif
| #ifdef HAVE_STDINT_H
| # include <stdint.h>
| #endif
| #ifdef HAVE_UNISTD_H
| # include <unistd.h>
| #endif
| int
| main ()
| {
| if (sizeof ((size_t)))
| 	    return 0;
|   ;
|   return 0;
| }
configure:5568: result: yes
configure:5579: checking whether time.h and sys/time.h may both be included
configure:5599: gcc -c -Wall -g -D_FILE_OFFSET_BITS=64 -O3 -DNDEBUG  -I/usr/local/include conftest.c >&5
configure:5599: $? = 0
configure:5606: result: yes
configure:5617: result: 
configure:5619: result: checking for library functions
configure:5622: result: ------------------------------
configure:5624: result: 
configure:5629: checking for pid_t
configure:5629: gcc -c -Wall -g -D_FILE_OFFSET_BITS=64 -O3 -DNDEBUG  -I/usr/local/include conftest.c >&5
configure:5629: $? = 0
configure:5629: gcc -c -Wall -g -D_FILE_OFFSET_BITS=64 -O3 -DNDEBUG  -I/usr/local/include conftest.c >&5
conftest.c: In function 'main':
conftest.c:75:20: error: expected expression before ')' token
 if (sizeof ((pid_t)))
                    ^
configure:5629: $? = 1
configure: failed program was:
| /* confdefs.h */
| #define PACKAGE_NAME "sphinx"
| #define PACKAGE_TARNAME "sphinx"
| #define PACKAGE_VERSION "1.11"
| #define PACKAGE_STRING "sphinx 1.11"
| #define PACKAGE_BUGREPORT "shodan(at)shodan.ru"
| #define PACKAGE_URL ""
| #define PACKAGE "sphinx"
| #define VERSION "1.11"
| #define COMPILER "gcc 5.4.0"
| #define OS_UNAME "Linux iZwz910po7ze0fkemlm72lZ 4.4.0-62-generic #83-Ubuntu SMP Wed Jan 18 14:10:15 UTC 2017 x86_64 x86_64 x86_64 GNU/Linux"
| #define STDC_HEADERS 1
| #define HAVE_SYS_WAIT_H 1
| #define HAVE_SYS_TYPES_H 1
| #define HAVE_SYS_STAT_H 1
| #define HAVE_STDLIB_H 1
| #define HAVE_STRING_H 1
| #define HAVE_MEMORY_H 1
| #define HAVE_STRINGS_H 1
| #define HAVE_INTTYPES_H 1
| #define HAVE_STDINT_H 1
| #define HAVE_UNISTD_H 1
| #define HAVE_FCNTL_H 1
| #define HAVE_LIMITS_H 1
| #define HAVE_NETDB_H 1
| #define HAVE_NETINET_IN_H 1
| #define HAVE_STDLIB_H 1
| #define HAVE_STRING_H 1
| #define HAVE_SYS_FILE_H 1
| #define HAVE_SYS_SOCKET_H 1
| #define HAVE_SYS_TIME_H 1
| #define HAVE_UNISTD_H 1
| #define HAVE_PTHREAD_H 1
| #define HAVE_EXECINFO_H 1
| #define HAVE__BOOL 1
| #define HAVE_STDBOOL_H 1
| #define TIME_WITH_SYS_TIME 1
| /* end confdefs.h.  */
| #include <stdio.h>
| #ifdef HAVE_SYS_TYPES_H
| # include <sys/types.h>
| #endif
| #ifdef HAVE_SYS_STAT_H
| # include <sys/stat.h>
| #endif
| #ifdef STDC_HEADERS
| # include <stdlib.h>
| # include <stddef.h>
| #else
| # ifdef HAVE_STDLIB_H
| #  include <stdlib.h>
| # endif
| #endif
| #ifdef HAVE_STRING_H
| # if !defined STDC_HEADERS && defined HAVE_MEMORY_H
| #  include <memory.h>
| # endif
| # include <string.h>
| #endif
| #ifdef HAVE_STRINGS_H
| # include <strings.h>
| #endif
| #ifdef HAVE_INTTYPES_H
| # include <inttypes.h>
| #endif
| #ifdef HAVE_STDINT_H
| # include <stdint.h>
| #endif
| #ifdef HAVE_UNISTD_H
| # include <unistd.h>
| #endif
| int
| main ()
| {
| if (sizeof ((pid_t)))
| 	    return 0;
|   ;
|   return 0;
| }
configure:5629: result: yes
configure:5642: checking vfork.h usability
configure:5642: gcc -c -Wall -g -D_FILE_OFFSET_BITS=64 -O3 -DNDEBUG  -I/usr/local/include conftest.c >&5
conftest.c:72:19: fatal error: vfork.h: No such file or directory
compilation terminated.
configure:5642: $? = 1
configure: failed program was:
| /* confdefs.h */
| #define PACKAGE_NAME "sphinx"
| #define PACKAGE_TARNAME "sphinx"
| #define PACKAGE_VERSION "1.11"
| #define PACKAGE_STRING "sphinx 1.11"
| #define PACKAGE_BUGREPORT "shodan(at)shodan.ru"
| #define PACKAGE_URL ""
| #define PACKAGE "sphinx"
| #define VERSION "1.11"
| #define COMPILER "gcc 5.4.0"
| #define OS_UNAME "Linux iZwz910po7ze0fkemlm72lZ 4.4.0-62-generic #83-Ubuntu SMP Wed Jan 18 14:10:15 UTC 2017 x86_64 x86_64 x86_64 GNU/Linux"
| #define STDC_HEADERS 1
| #define HAVE_SYS_WAIT_H 1
| #define HAVE_SYS_TYPES_H 1
| #define HAVE_SYS_STAT_H 1
| #define HAVE_STDLIB_H 1
| #define HAVE_STRING_H 1
| #define HAVE_MEMORY_H 1
| #define HAVE_STRINGS_H 1
| #define HAVE_INTTYPES_H 1
| #define HAVE_STDINT_H 1
| #define HAVE_UNISTD_H 1
| #define HAVE_FCNTL_H 1
| #define HAVE_LIMITS_H 1
| #define HAVE_NETDB_H 1
| #define HAVE_NETINET_IN_H 1
| #define HAVE_STDLIB_H 1
| #define HAVE_STRING_H 1
| #define HAVE_SYS_FILE_H 1
| #define HAVE_SYS_SOCKET_H 1
| #define HAVE_SYS_TIME_H 1
| #define HAVE_UNISTD_H 1
| #define HAVE_PTHREAD_H 1
| #define HAVE_EXECINFO_H 1
| #define HAVE__BOOL 1
| #define HAVE_STDBOOL_H 1
| #define TIME_WITH_SYS_TIME 1
| /* end confdefs.h.  */
| #include <stdio.h>
| #ifdef HAVE_SYS_TYPES_H
| # include <sys/types.h>
| #endif
| #ifdef HAVE_SYS_STAT_H
| # include <sys/stat.h>
| #endif
| #ifdef STDC_HEADERS
| # include <stdlib.h>
| # include <stddef.h>
| #else
| # ifdef HAVE_STDLIB_H
| #  include <stdlib.h>
| # endif
| #endif
| #ifdef HAVE_STRING_H
| # if !defined STDC_HEADERS && defined HAVE_MEMORY_H
| #  include <memory.h>
| # endif
| # include <string.h>
| #endif
| #ifdef HAVE_STRINGS_H
| # include <strings.h>
| #endif
| #ifdef HAVE_INTTYPES_H
| # include <inttypes.h>
| #endif
| #ifdef HAVE_STDINT_H
| # include <stdint.h>
| #endif
| #ifdef HAVE_UNISTD_H
| # include <unistd.h>
| #endif
| #include <vfork.h>
configure:5642: result: no
configure:5642: checking vfork.h presence
configure:5642: gcc -E  -I/usr/local/include conftest.c
conftest.c:39:19: fatal error: vfork.h: No such file or directory
compilation terminated.
configure:5642: $? = 1
configure: failed program was:
| /* confdefs.h */
| #define PACKAGE_NAME "sphinx"
| #define PACKAGE_TARNAME "sphinx"
| #define PACKAGE_VERSION "1.11"
| #define PACKAGE_STRING "sphinx 1.11"
| #define PACKAGE_BUGREPORT "shodan(at)shodan.ru"
| #define PACKAGE_URL ""
| #define PACKAGE "sphinx"
| #define VERSION "1.11"
| #define COMPILER "gcc 5.4.0"
| #define OS_UNAME "Linux iZwz910po7ze0fkemlm72lZ 4.4.0-62-generic #83-Ubuntu SMP Wed Jan 18 14:10:15 UTC 2017 x86_64 x86_64 x86_64 GNU/Linux"
| #define STDC_HEADERS 1
| #define HAVE_SYS_WAIT_H 1
| #define HAVE_SYS_TYPES_H 1
| #define HAVE_SYS_STAT_H 1
| #define HAVE_STDLIB_H 1
| #define HAVE_STRING_H 1
| #define HAVE_MEMORY_H 1
| #define HAVE_STRINGS_H 1
| #define HAVE_INTTYPES_H 1
| #define HAVE_STDINT_H 1
| #define HAVE_UNISTD_H 1
| #define HAVE_FCNTL_H 1
| #define HAVE_LIMITS_H 1
| #define HAVE_NETDB_H 1
| #define HAVE_NETINET_IN_H 1
| #define HAVE_STDLIB_H 1
| #define HAVE_STRING_H 1
| #define HAVE_SYS_FILE_H 1
| #define HAVE_SYS_SOCKET_H 1
| #define HAVE_SYS_TIME_H 1
| #define HAVE_UNISTD_H 1
| #define HAVE_PTHREAD_H 1
| #define HAVE_EXECINFO_H 1
| #define HAVE__BOOL 1
| #define HAVE_STDBOOL_H 1
| #define TIME_WITH_SYS_TIME 1
| /* end confdefs.h.  */
| #include <vfork.h>
configure:5642: result: no
configure:5642: checking for vfork.h
configure:5642: result: no
configure:5655: checking for fork
configure:5655: gcc -o conftest -Wall -g -D_FILE_OFFSET_BITS=64 -O3 -DNDEBUG  -I/usr/local/include  conftest.c  -L/usr/local/lib >&5
conftest.c:62:6: warning: conflicting types for built-in function 'fork'
 char fork ();
      ^
configure:5655: $? = 0
configure:5655: result: yes
configure:5655: checking for vfork
configure:5655: gcc -o conftest -Wall -g -D_FILE_OFFSET_BITS=64 -O3 -DNDEBUG  -I/usr/local/include  conftest.c  -L/usr/local/lib >&5
configure:5655: $? = 0
configure:5655: result: yes
configure:5665: checking for working fork
configure:5687: gcc -o conftest -Wall -g -D_FILE_OFFSET_BITS=64 -O3 -DNDEBUG  -I/usr/local/include  conftest.c  -L/usr/local/lib >&5
configure:5687: $? = 0
configure:5687: ./conftest
configure:5687: $? = 0
configure:5697: result: yes
configure:5718: checking for working vfork
configure:5828: result: yes
configure:5855: checking for stdlib.h
configure:5855: result: yes
configure:5865: checking for GNU libc compatible malloc
configure:5889: gcc -o conftest -Wall -g -D_FILE_OFFSET_BITS=64 -O3 -DNDEBUG  -I/usr/local/include  conftest.c  -L/usr/local/lib >&5
configure:5889: $? = 0
configure:5889: ./conftest
configure:5889: $? = 0
configure:5899: result: yes
configure:5922: checking for stdlib.h
configure:5922: result: yes
configure:5932: checking for GNU libc compatible realloc
configure:5956: gcc -o conftest -Wall -g -D_FILE_OFFSET_BITS=64 -O3 -DNDEBUG  -I/usr/local/include  conftest.c  -L/usr/local/lib >&5
configure:5956: $? = 0
configure:5956: ./conftest
configure:5956: $? = 0
configure:5966: result: yes
configure:5990: checking sys/select.h usability
configure:5990: gcc -c -Wall -g -D_FILE_OFFSET_BITS=64 -O3 -DNDEBUG  -I/usr/local/include conftest.c >&5
configure:5990: $? = 0
configure:5990: result: yes
configure:5990: checking sys/select.h presence
configure:5990: gcc -E  -I/usr/local/include conftest.c
configure:5990: $? = 0
configure:5990: result: yes
configure:5990: checking for sys/select.h
configure:5990: result: yes
configure:5990: checking for sys/socket.h
configure:5990: result: yes
configure:6000: checking types of arguments for select
configure:6028: gcc -c -Wall -g -D_FILE_OFFSET_BITS=64 -O3 -DNDEBUG  -I/usr/local/include conftest.c >&5
configure:6028: $? = 0
configure:6039: result: int,fd_set *,struct timeval *
configure:6062: checking return type of signal handlers
configure:6080: gcc -c -Wall -g -D_FILE_OFFSET_BITS=64 -O3 -DNDEBUG  -I/usr/local/include conftest.c >&5
conftest.c: In function 'main':
conftest.c:58:9: error: void value not ignored as it ought to be
 return *(signal (0, 0)) (0) == 1;
         ^
configure:6080: $? = 1
configure: failed program was:
| /* confdefs.h */
| #define PACKAGE_NAME "sphinx"
| #define PACKAGE_TARNAME "sphinx"
| #define PACKAGE_VERSION "1.11"
| #define PACKAGE_STRING "sphinx 1.11"
| #define PACKAGE_BUGREPORT "shodan(at)shodan.ru"
| #define PACKAGE_URL ""
| #define PACKAGE "sphinx"
| #define VERSION "1.11"
| #define COMPILER "gcc 5.4.0"
| #define OS_UNAME "Linux iZwz910po7ze0fkemlm72lZ 4.4.0-62-generic #83-Ubuntu SMP Wed Jan 18 14:10:15 UTC 2017 x86_64 x86_64 x86_64 GNU/Linux"
| #define STDC_HEADERS 1
| #define HAVE_SYS_WAIT_H 1
| #define HAVE_SYS_TYPES_H 1
| #define HAVE_SYS_STAT_H 1
| #define HAVE_STDLIB_H 1
| #define HAVE_STRING_H 1
| #define HAVE_MEMORY_H 1
| #define HAVE_STRINGS_H 1
| #define HAVE_INTTYPES_H 1
| #define HAVE_STDINT_H 1
| #define HAVE_UNISTD_H 1
| #define HAVE_FCNTL_H 1
| #define HAVE_LIMITS_H 1
| #define HAVE_NETDB_H 1
| #define HAVE_NETINET_IN_H 1
| #define HAVE_STDLIB_H 1
| #define HAVE_STRING_H 1
| #define HAVE_SYS_FILE_H 1
| #define HAVE_SYS_SOCKET_H 1
| #define HAVE_SYS_TIME_H 1
| #define HAVE_UNISTD_H 1
| #define HAVE_PTHREAD_H 1
| #define HAVE_EXECINFO_H 1
| #define HAVE__BOOL 1
| #define HAVE_STDBOOL_H 1
| #define TIME_WITH_SYS_TIME 1
| #define HAVE_FORK 1
| #define HAVE_VFORK 1
| #define HAVE_WORKING_VFORK 1
| #define HAVE_WORKING_FORK 1
| #define HAVE_STDLIB_H 1
| #define HAVE_MALLOC 1
| #define HAVE_STDLIB_H 1
| #define HAVE_REALLOC 1
| #define HAVE_SYS_SELECT_H 1
| #define HAVE_SYS_SOCKET_H 1
| #define SELECT_TYPE_ARG1 int
| #define SELECT_TYPE_ARG234 (fd_set *)
| #define SELECT_TYPE_ARG5 (struct timeval *)
| /* end confdefs.h.  */
| #include <sys/types.h>
| #include <signal.h>
| 
| int
| main ()
| {
| return *(signal (0, 0)) (0) == 1;
|   ;
|   return 0;
| }
configure:6087: result: void
configure:6095: checking whether lstat correctly handles trailing slash
configure:6121: gcc -o conftest -Wall -g -D_FILE_OFFSET_BITS=64 -O3 -DNDEBUG  -I/usr/local/include  conftest.c  -L/usr/local/lib >&5
configure:6121: $? = 0
configure:6121: ./conftest
configure:6121: $? = 0
configure:6138: result: yes
configure:6157: checking whether stat accepts an empty string
configure:6177: gcc -o conftest -Wall -g -D_FILE_OFFSET_BITS=64 -O3 -DNDEBUG  -I/usr/local/include  conftest.c  -L/usr/local/lib >&5
configure:6177: $? = 0
configure:6177: ./conftest
configure:6177: $? = 0
configure:6187: result: no
configure:6205: checking for vprintf
configure:6205: gcc -o conftest -Wall -g -D_FILE_OFFSET_BITS=64 -O3 -DNDEBUG  -I/usr/local/include  conftest.c  -L/usr/local/lib >&5
conftest.c:77:6: warning: conflicting types for built-in function 'vprintf'
 char vprintf ();
      ^
configure:6205: $? = 0
configure:6205: result: yes
configure:6211: checking for _doprnt
configure:6211: gcc -o conftest -Wall -g -D_FILE_OFFSET_BITS=64 -O3 -DNDEBUG  -I/usr/local/include  conftest.c  -L/usr/local/lib >&5
/tmp/ccn1iQ1v.o: In function `main':
/root/coreseek-4.1-beta/csft-4.1/conftest.c:89: undefined reference to `_doprnt'
collect2: error: ld returned 1 exit status
configure:6211: $? = 1
configure: failed program was:
| /* confdefs.h */
| #define PACKAGE_NAME "sphinx"
| #define PACKAGE_TARNAME "sphinx"
| #define PACKAGE_VERSION "1.11"
| #define PACKAGE_STRING "sphinx 1.11"
| #define PACKAGE_BUGREPORT "shodan(at)shodan.ru"
| #define PACKAGE_URL ""
| #define PACKAGE "sphinx"
| #define VERSION "1.11"
| #define COMPILER "gcc 5.4.0"
| #define OS_UNAME "Linux iZwz910po7ze0fkemlm72lZ 4.4.0-62-generic #83-Ubuntu SMP Wed Jan 18 14:10:15 UTC 2017 x86_64 x86_64 x86_64 GNU/Linux"
| #define STDC_HEADERS 1
| #define HAVE_SYS_WAIT_H 1
| #define HAVE_SYS_TYPES_H 1
| #define HAVE_SYS_STAT_H 1
| #define HAVE_STDLIB_H 1
| #define HAVE_STRING_H 1
| #define HAVE_MEMORY_H 1
| #define HAVE_STRINGS_H 1
| #define HAVE_INTTYPES_H 1
| #define HAVE_STDINT_H 1
| #define HAVE_UNISTD_H 1
| #define HAVE_FCNTL_H 1
| #define HAVE_LIMITS_H 1
| #define HAVE_NETDB_H 1
| #define HAVE_NETINET_IN_H 1
| #define HAVE_STDLIB_H 1
| #define HAVE_STRING_H 1
| #define HAVE_SYS_FILE_H 1
| #define HAVE_SYS_SOCKET_H 1
| #define HAVE_SYS_TIME_H 1
| #define HAVE_UNISTD_H 1
| #define HAVE_PTHREAD_H 1
| #define HAVE_EXECINFO_H 1
| #define HAVE__BOOL 1
| #define HAVE_STDBOOL_H 1
| #define TIME_WITH_SYS_TIME 1
| #define HAVE_FORK 1
| #define HAVE_VFORK 1
| #define HAVE_WORKING_VFORK 1
| #define HAVE_WORKING_FORK 1
| #define HAVE_STDLIB_H 1
| #define HAVE_MALLOC 1
| #define HAVE_STDLIB_H 1
| #define HAVE_REALLOC 1
| #define HAVE_SYS_SELECT_H 1
| #define HAVE_SYS_SOCKET_H 1
| #define SELECT_TYPE_ARG1 int
| #define SELECT_TYPE_ARG234 (fd_set *)
| #define SELECT_TYPE_ARG5 (struct timeval *)
| #define RETSIGTYPE void
| #define LSTAT_FOLLOWS_SLASHED_SYMLINK 1
| #define HAVE_VPRINTF 1
| /* end confdefs.h.  */
| /* Define _doprnt to an innocuous variant, in case <limits.h> declares _doprnt.
|    For example, HP-UX 11i <limits.h> declares gettimeofday.  */
| #define _doprnt innocuous__doprnt
| 
| /* System header to define __stub macros and hopefully few prototypes,
|     which can conflict with char _doprnt (); below.
|     Prefer <limits.h> to <assert.h> if __STDC__ is defined, since
|     <limits.h> exists even on freestanding compilers.  */
| 
| #ifdef __STDC__
| # include <limits.h>
| #else
| # include <assert.h>
| #endif
| 
| #undef _doprnt
| 
| /* Override any GCC internal prototype to avoid an error.
|    Use char because int might match the return type of a GCC
|    builtin and then its argument prototype would still apply.  */
| #ifdef __cplusplus
| extern "C"
| #endif
| char _doprnt ();
| /* The GNU C library defines this for functions which it implements
|     to always fail with ENOSYS.  Some functions are actually named
|     something starting with __ and the normal name is an alias.  */
| #if defined __stub__doprnt || defined __stub____doprnt
| choke me
| #endif
| 
| int
| main ()
| {
| return _doprnt ();
|   ;
|   return 0;
| }
configure:6211: result: no
configure:6222: checking for library containing setsockopt
configure:6253: gcc -o conftest -Wall -g -D_FILE_OFFSET_BITS=64 -O3 -DNDEBUG  -I/usr/local/include  conftest.c  -L/usr/local/lib >&5
configure:6253: $? = 0
configure:6270: result: none required
configure:6278: checking for library containing gethostbyname
configure:6309: gcc -o conftest -Wall -g -D_FILE_OFFSET_BITS=64 -O3 -DNDEBUG  -I/usr/local/include  conftest.c  -L/usr/local/lib >&5
configure:6309: $? = 0
configure:6326: result: none required
configure:6334: checking for library containing XML_Parse
configure:6365: gcc -o conftest -Wall -g -D_FILE_OFFSET_BITS=64 -O3 -DNDEBUG  -I/usr/local/include  conftest.c  -L/usr/local/lib >&5
/tmp/ccDbjMQB.o: In function `main':
/root/coreseek-4.1-beta/csft-4.1/conftest.c:66: undefined reference to `XML_Parse'
collect2: error: ld returned 1 exit status
configure:6365: $? = 1
configure: failed program was:
| /* confdefs.h */
| #define PACKAGE_NAME "sphinx"
| #define PACKAGE_TARNAME "sphinx"
| #define PACKAGE_VERSION "1.11"
| #define PACKAGE_STRING "sphinx 1.11"
| #define PACKAGE_BUGREPORT "shodan(at)shodan.ru"
| #define PACKAGE_URL ""
| #define PACKAGE "sphinx"
| #define VERSION "1.11"
| #define COMPILER "gcc 5.4.0"
| #define OS_UNAME "Linux iZwz910po7ze0fkemlm72lZ 4.4.0-62-generic #83-Ubuntu SMP Wed Jan 18 14:10:15 UTC 2017 x86_64 x86_64 x86_64 GNU/Linux"
| #define STDC_HEADERS 1
| #define HAVE_SYS_WAIT_H 1
| #define HAVE_SYS_TYPES_H 1
| #define HAVE_SYS_STAT_H 1
| #define HAVE_STDLIB_H 1
| #define HAVE_STRING_H 1
| #define HAVE_MEMORY_H 1
| #define HAVE_STRINGS_H 1
| #define HAVE_INTTYPES_H 1
| #define HAVE_STDINT_H 1
| #define HAVE_UNISTD_H 1
| #define HAVE_FCNTL_H 1
| #define HAVE_LIMITS_H 1
| #define HAVE_NETDB_H 1
| #define HAVE_NETINET_IN_H 1
| #define HAVE_STDLIB_H 1
| #define HAVE_STRING_H 1
| #define HAVE_SYS_FILE_H 1
| #define HAVE_SYS_SOCKET_H 1
| #define HAVE_SYS_TIME_H 1
| #define HAVE_UNISTD_H 1
| #define HAVE_PTHREAD_H 1
| #define HAVE_EXECINFO_H 1
| #define HAVE__BOOL 1
| #define HAVE_STDBOOL_H 1
| #define TIME_WITH_SYS_TIME 1
| #define HAVE_FORK 1
| #define HAVE_VFORK 1
| #define HAVE_WORKING_VFORK 1
| #define HAVE_WORKING_FORK 1
| #define HAVE_STDLIB_H 1
| #define HAVE_MALLOC 1
| #define HAVE_STDLIB_H 1
| #define HAVE_REALLOC 1
| #define HAVE_SYS_SELECT_H 1
| #define HAVE_SYS_SOCKET_H 1
| #define SELECT_TYPE_ARG1 int
| #define SELECT_TYPE_ARG234 (fd_set *)
| #define SELECT_TYPE_ARG5 (struct timeval *)
| #define RETSIGTYPE void
| #define LSTAT_FOLLOWS_SLASHED_SYMLINK 1
| #define HAVE_VPRINTF 1
| /* end confdefs.h.  */
| 
| /* Override any GCC internal prototype to avoid an error.
|    Use char because int might match the return type of a GCC
|    builtin and then its argument prototype would still apply.  */
| #ifdef __cplusplus
| extern "C"
| #endif
| char XML_Parse ();
| int
| main ()
| {
| return XML_Parse ();
|   ;
|   return 0;
| }
configure:6365: gcc -o conftest -Wall -g -D_FILE_OFFSET_BITS=64 -O3 -DNDEBUG  -I/usr/local/include  conftest.c -lexpat   -L/usr/local/lib >&5
configure:6365: $? = 0
configure:6382: result: -lexpat
configure:6392: checking for library containing iconv
configure:6423: gcc -o conftest -Wall -g -D_FILE_OFFSET_BITS=64 -O3 -DNDEBUG  -I/usr/local/include  conftest.c -lexpat  -L/usr/local/lib >&5
configure:6423: $? = 0
configure:6440: result: none required
configure:6450: checking for library containing inflate
configure:6481: gcc -o conftest -Wall -g -D_FILE_OFFSET_BITS=64 -O3 -DNDEBUG  -I/usr/local/include  conftest.c -lexpat  -L/usr/local/lib >&5
/tmp/ccnOQ48M.o: In function `main':
/root/coreseek-4.1-beta/csft-4.1/conftest.c:66: undefined reference to `inflate'
collect2: error: ld returned 1 exit status
configure:6481: $? = 1
configure: failed program was:
| /* confdefs.h */
| #define PACKAGE_NAME "sphinx"
| #define PACKAGE_TARNAME "sphinx"
| #define PACKAGE_VERSION "1.11"
| #define PACKAGE_STRING "sphinx 1.11"
| #define PACKAGE_BUGREPORT "shodan(at)shodan.ru"
| #define PACKAGE_URL ""
| #define PACKAGE "sphinx"
| #define VERSION "1.11"
| #define COMPILER "gcc 5.4.0"
| #define OS_UNAME "Linux iZwz910po7ze0fkemlm72lZ 4.4.0-62-generic #83-Ubuntu SMP Wed Jan 18 14:10:15 UTC 2017 x86_64 x86_64 x86_64 GNU/Linux"
| #define STDC_HEADERS 1
| #define HAVE_SYS_WAIT_H 1
| #define HAVE_SYS_TYPES_H 1
| #define HAVE_SYS_STAT_H 1
| #define HAVE_STDLIB_H 1
| #define HAVE_STRING_H 1
| #define HAVE_MEMORY_H 1
| #define HAVE_STRINGS_H 1
| #define HAVE_INTTYPES_H 1
| #define HAVE_STDINT_H 1
| #define HAVE_UNISTD_H 1
| #define HAVE_FCNTL_H 1
| #define HAVE_LIMITS_H 1
| #define HAVE_NETDB_H 1
| #define HAVE_NETINET_IN_H 1
| #define HAVE_STDLIB_H 1
| #define HAVE_STRING_H 1
| #define HAVE_SYS_FILE_H 1
| #define HAVE_SYS_SOCKET_H 1
| #define HAVE_SYS_TIME_H 1
| #define HAVE_UNISTD_H 1
| #define HAVE_PTHREAD_H 1
| #define HAVE_EXECINFO_H 1
| #define HAVE__BOOL 1
| #define HAVE_STDBOOL_H 1
| #define TIME_WITH_SYS_TIME 1
| #define HAVE_FORK 1
| #define HAVE_VFORK 1
| #define HAVE_WORKING_VFORK 1
| #define HAVE_WORKING_FORK 1
| #define HAVE_STDLIB_H 1
| #define HAVE_MALLOC 1
| #define HAVE_STDLIB_H 1
| #define HAVE_REALLOC 1
| #define HAVE_SYS_SELECT_H 1
| #define HAVE_SYS_SOCKET_H 1
| #define SELECT_TYPE_ARG1 int
| #define SELECT_TYPE_ARG234 (fd_set *)
| #define SELECT_TYPE_ARG5 (struct timeval *)
| #define RETSIGTYPE void
| #define LSTAT_FOLLOWS_SLASHED_SYMLINK 1
| #define HAVE_VPRINTF 1
| /* end confdefs.h.  */
| 
| /* Override any GCC internal prototype to avoid an error.
|    Use char because int might match the return type of a GCC
|    builtin and then its argument prototype would still apply.  */
| #ifdef __cplusplus
| extern "C"
| #endif
| char inflate ();
| int
| main ()
| {
| return inflate ();
|   ;
|   return 0;
| }
configure:6481: gcc -o conftest -Wall -g -D_FILE_OFFSET_BITS=64 -O3 -DNDEBUG  -I/usr/local/include  conftest.c -lz  -lexpat  -L/usr/local/lib >&5
configure:6481: $? = 0
configure:6498: result: -lz
configure:6508: checking for library containing logf
configure:6539: gcc -o conftest -Wall -g -D_FILE_OFFSET_BITS=64 -O3 -DNDEBUG  -I/usr/local/include  conftest.c -lz -lexpat  -L/usr/local/lib >&5
conftest.c:62:6: warning: conflicting types for built-in function 'logf'
 char logf ();
      ^
/tmp/ccniGAIR.o: In function `main':
/root/coreseek-4.1-beta/csft-4.1/conftest.c:66: undefined reference to `logf'
collect2: error: ld returned 1 exit status
configure:6539: $? = 1
configure: failed program was:
| /* confdefs.h */
| #define PACKAGE_NAME "sphinx"
| #define PACKAGE_TARNAME "sphinx"
| #define PACKAGE_VERSION "1.11"
| #define PACKAGE_STRING "sphinx 1.11"
| #define PACKAGE_BUGREPORT "shodan(at)shodan.ru"
| #define PACKAGE_URL ""
| #define PACKAGE "sphinx"
| #define VERSION "1.11"
| #define COMPILER "gcc 5.4.0"
| #define OS_UNAME "Linux iZwz910po7ze0fkemlm72lZ 4.4.0-62-generic #83-Ubuntu SMP Wed Jan 18 14:10:15 UTC 2017 x86_64 x86_64 x86_64 GNU/Linux"
| #define STDC_HEADERS 1
| #define HAVE_SYS_WAIT_H 1
| #define HAVE_SYS_TYPES_H 1
| #define HAVE_SYS_STAT_H 1
| #define HAVE_STDLIB_H 1
| #define HAVE_STRING_H 1
| #define HAVE_MEMORY_H 1
| #define HAVE_STRINGS_H 1
| #define HAVE_INTTYPES_H 1
| #define HAVE_STDINT_H 1
| #define HAVE_UNISTD_H 1
| #define HAVE_FCNTL_H 1
| #define HAVE_LIMITS_H 1
| #define HAVE_NETDB_H 1
| #define HAVE_NETINET_IN_H 1
| #define HAVE_STDLIB_H 1
| #define HAVE_STRING_H 1
| #define HAVE_SYS_FILE_H 1
| #define HAVE_SYS_SOCKET_H 1
| #define HAVE_SYS_TIME_H 1
| #define HAVE_UNISTD_H 1
| #define HAVE_PTHREAD_H 1
| #define HAVE_EXECINFO_H 1
| #define HAVE__BOOL 1
| #define HAVE_STDBOOL_H 1
| #define TIME_WITH_SYS_TIME 1
| #define HAVE_FORK 1
| #define HAVE_VFORK 1
| #define HAVE_WORKING_VFORK 1
| #define HAVE_WORKING_FORK 1
| #define HAVE_STDLIB_H 1
| #define HAVE_MALLOC 1
| #define HAVE_STDLIB_H 1
| #define HAVE_REALLOC 1
| #define HAVE_SYS_SELECT_H 1
| #define HAVE_SYS_SOCKET_H 1
| #define SELECT_TYPE_ARG1 int
| #define SELECT_TYPE_ARG234 (fd_set *)
| #define SELECT_TYPE_ARG5 (struct timeval *)
| #define RETSIGTYPE void
| #define LSTAT_FOLLOWS_SLASHED_SYMLINK 1
| #define HAVE_VPRINTF 1
| /* end confdefs.h.  */
| 
| /* Override any GCC internal prototype to avoid an error.
|    Use char because int might match the return type of a GCC
|    builtin and then its argument prototype would still apply.  */
| #ifdef __cplusplus
| extern "C"
| #endif
| char logf ();
| int
| main ()
| {
| return logf ();
|   ;
|   return 0;
| }
configure:6539: gcc -o conftest -Wall -g -D_FILE_OFFSET_BITS=64 -O3 -DNDEBUG  -I/usr/local/include  conftest.c -lm  -lz -lexpat  -L/usr/local/lib >&5
conftest.c:62:6: warning: conflicting types for built-in function 'logf'
 char logf ();
      ^
configure:6539: $? = 0
configure:6556: result: -lm
configure:6567: checking for dup2
configure:6567: gcc -o conftest -Wall -g -D_FILE_OFFSET_BITS=64 -O3 -DNDEBUG  -I/usr/local/include  conftest.c -lm -lz -lexpat  -L/usr/local/lib >&5
configure:6567: $? = 0
configure:6567: result: yes
configure:6567: checking for gethostbyname
configure:6567: gcc -o conftest -Wall -g -D_FILE_OFFSET_BITS=64 -O3 -DNDEBUG  -I/usr/local/include  conftest.c -lm -lz -lexpat  -L/usr/local/lib >&5
configure:6567: $? = 0
configure:6567: result: yes
configure:6567: checking for gettimeofday
configure:6567: gcc -o conftest -Wall -g -D_FILE_OFFSET_BITS=64 -O3 -DNDEBUG  -I/usr/local/include  conftest.c -lm -lz -lexpat  -L/usr/local/lib >&5
configure:6567: $? = 0
configure:6567: result: yes
configure:6567: checking for memmove
configure:6567: gcc -o conftest -Wall -g -D_FILE_OFFSET_BITS=64 -O3 -DNDEBUG  -I/usr/local/include  conftest.c -lm -lz -lexpat  -L/usr/local/lib >&5
conftest.c:81:6: warning: conflicting types for built-in function 'memmove'
 char memmove ();
      ^
configure:6567: $? = 0
configure:6567: result: yes
configure:6567: checking for memset
configure:6567: gcc -o conftest -Wall -g -D_FILE_OFFSET_BITS=64 -O3 -DNDEBUG  -I/usr/local/include  conftest.c -lm -lz -lexpat  -L/usr/local/lib >&5
conftest.c:82:6: warning: conflicting types for built-in function 'memset'
 char memset ();
      ^
configure:6567: $? = 0
configure:6567: result: yes
configure:6567: checking for select
configure:6567: gcc -o conftest -Wall -g -D_FILE_OFFSET_BITS=64 -O3 -DNDEBUG  -I/usr/local/include  conftest.c -lm -lz -lexpat  -L/usr/local/lib >&5
configure:6567: $? = 0
configure:6567: result: yes
configure:6567: checking for socket
configure:6567: gcc -o conftest -Wall -g -D_FILE_OFFSET_BITS=64 -O3 -DNDEBUG  -I/usr/local/include  conftest.c -lm -lz -lexpat  -L/usr/local/lib >&5
configure:6567: $? = 0
configure:6567: result: yes
configure:6567: checking for strcasecmp
configure:6567: gcc -o conftest -Wall -g -D_FILE_OFFSET_BITS=64 -O3 -DNDEBUG  -I/usr/local/include  conftest.c -lm -lz -lexpat  -L/usr/local/lib >&5
conftest.c:85:6: warning: conflicting types for built-in function 'strcasecmp'
 char strcasecmp ();
      ^
configure:6567: $? = 0
configure:6567: result: yes
configure:6567: checking for strchr
configure:6567: gcc -o conftest -Wall -g -D_FILE_OFFSET_BITS=64 -O3 -DNDEBUG  -I/usr/local/include  conftest.c -lm -lz -lexpat  -L/usr/local/lib >&5
conftest.c:86:6: warning: conflicting types for built-in function 'strchr'
 char strchr ();
      ^
configure:6567: $? = 0
configure:6567: result: yes
configure:6567: checking for strerror
configure:6567: gcc -o conftest -Wall -g -D_FILE_OFFSET_BITS=64 -O3 -DNDEBUG  -I/usr/local/include  conftest.c -lm -lz -lexpat  -L/usr/local/lib >&5
configure:6567: $? = 0
configure:6567: result: yes
configure:6567: checking for strncasecmp
configure:6567: gcc -o conftest -Wall -g -D_FILE_OFFSET_BITS=64 -O3 -DNDEBUG  -I/usr/local/include  conftest.c -lm -lz -lexpat  -L/usr/local/lib >&5
conftest.c:88:6: warning: conflicting types for built-in function 'strncasecmp'
 char strncasecmp ();
      ^
configure:6567: $? = 0
configure:6567: result: yes
configure:6567: checking for strstr
configure:6567: gcc -o conftest -Wall -g -D_FILE_OFFSET_BITS=64 -O3 -DNDEBUG  -I/usr/local/include  conftest.c -lm -lz -lexpat  -L/usr/local/lib >&5
conftest.c:89:6: warning: conflicting types for built-in function 'strstr'
 char strstr ();
      ^
configure:6567: $? = 0
configure:6567: result: yes
configure:6567: checking for strtol
configure:6567: gcc -o conftest -Wall -g -D_FILE_OFFSET_BITS=64 -O3 -DNDEBUG  -I/usr/local/include  conftest.c -lm -lz -lexpat  -L/usr/local/lib >&5
configure:6567: $? = 0
configure:6567: result: yes
configure:6567: checking for logf
configure:6567: gcc -o conftest -Wall -g -D_FILE_OFFSET_BITS=64 -O3 -DNDEBUG  -I/usr/local/include  conftest.c -lm -lz -lexpat  -L/usr/local/lib >&5
conftest.c:91:6: warning: conflicting types for built-in function 'logf'
 char logf ();
      ^
configure:6567: $? = 0
configure:6567: result: yes
configure:6567: checking for pread
configure:6567: gcc -o conftest -Wall -g -D_FILE_OFFSET_BITS=64 -O3 -DNDEBUG  -I/usr/local/include  conftest.c -lm -lz -lexpat  -L/usr/local/lib >&5
configure:6567: $? = 0
configure:6567: result: yes
configure:6579: checking for backtrace
configure:6579: gcc -o conftest -Wall -g -D_FILE_OFFSET_BITS=64 -O3 -DNDEBUG  -I/usr/local/include  conftest.c -lm -lz -lexpat  -L/usr/local/lib >&5
configure:6579: $? = 0
configure:6579: result: yes
configure:6579: checking for backtrace_symbols
configure:6579: gcc -o conftest -Wall -g -D_FILE_OFFSET_BITS=64 -O3 -DNDEBUG  -I/usr/local/include  conftest.c -lm -lz -lexpat  -L/usr/local/lib >&5
configure:6579: $? = 0
configure:6579: result: yes
configure:6593: checking for clock_gettime in -lrt
configure:6618: gcc -o conftest -Wall -g -D_FILE_OFFSET_BITS=64 -O3 -DNDEBUG  -I/usr/local/include  conftest.c -lrt   >&5
configure:6618: $? = 0
configure:6627: result: yes
configure:6646: checking for clock_gettime
configure:6646: gcc -o conftest -Wall -g -D_FILE_OFFSET_BITS=64 -O3 -DNDEBUG  -I/usr/local/include  conftest.c -lm -lz -lexpat  -L/usr/local/lib -lrt  >&5
configure:6646: $? = 0
configure:6646: result: yes
configure:6657: checking for LOCK_EX in sys/file.h
configure:6682: result: yes
configure:6691: checking for F_SETLKW in fcntl.h
configure:6716: result: yes
configure:6728: checking for dlopen in -ldl
configure:6753: gcc -o conftest -Wall -g -D_FILE_OFFSET_BITS=64 -O3 -DNDEBUG  -I/usr/local/include  conftest.c -ldl  -lm -lz -lexpat  -L/usr/local/lib -lrt  >&5
configure:6753: $? = 0
configure:6762: result: yes
configure:6776: checking for dlopen
configure:6776: gcc -o conftest -Wall -g -D_FILE_OFFSET_BITS=64 -O3 -DNDEBUG  -I/usr/local/include  conftest.c -ldl -lm -lz -lexpat  -L/usr/local/lib -lrt  >&5
configure:6776: $? = 0
configure:6776: result: yes
configure:6776: checking for dlerror
configure:6776: gcc -o conftest -Wall -g -D_FILE_OFFSET_BITS=64 -O3 -DNDEBUG  -I/usr/local/include  conftest.c -ldl -lm -lz -lexpat  -L/usr/local/lib -lrt  >&5
configure:6776: $? = 0
configure:6776: result: yes
configure:6788: result: 
configure:6790: result: configuring Sphinx
configure:6793: result: ------------------
configure:6795: result: 
configure:6829: checking for CFLAGS needed for pthreads
configure:6848: gcc -o conftest -Wall -g -D_FILE_OFFSET_BITS=64 -O3 -DNDEBUG  -I/usr/local/include  conftest.c -ldl -lm -lz -lexpat  -L/usr/local/lib -lrt  >&5
conftest.c: In function 'main':
conftest.c:92:17: warning: unused variable 'once_init' [-Wunused-variable]
  pthread_once_t once_init = PTHREAD_ONCE_INIT;
                 ^
/tmp/ccQuUYqU.o: In function `main':
/root/coreseek-4.1-beta/csft-4.1/conftest.c:95: undefined reference to `pthread_mutexattr_init'
/root/coreseek-4.1-beta/csft-4.1/conftest.c:96: undefined reference to `pthread_create'
collect2: error: ld returned 1 exit status
configure:6848: $? = 1
configure: program exited with status 1
configure: failed program was:
| /* confdefs.h */
| #define PACKAGE_NAME "sphinx"
| #define PACKAGE_TARNAME "sphinx"
| #define PACKAGE_VERSION "1.11"
| #define PACKAGE_STRING "sphinx 1.11"
| #define PACKAGE_BUGREPORT "shodan(at)shodan.ru"
| #define PACKAGE_URL ""
| #define PACKAGE "sphinx"
| #define VERSION "1.11"
| #define COMPILER "gcc 5.4.0"
| #define OS_UNAME "Linux iZwz910po7ze0fkemlm72lZ 4.4.0-62-generic #83-Ubuntu SMP Wed Jan 18 14:10:15 UTC 2017 x86_64 x86_64 x86_64 GNU/Linux"
| #define STDC_HEADERS 1
| #define HAVE_SYS_WAIT_H 1
| #define HAVE_SYS_TYPES_H 1
| #define HAVE_SYS_STAT_H 1
| #define HAVE_STDLIB_H 1
| #define HAVE_STRING_H 1
| #define HAVE_MEMORY_H 1
| #define HAVE_STRINGS_H 1
| #define HAVE_INTTYPES_H 1
| #define HAVE_STDINT_H 1
| #define HAVE_UNISTD_H 1
| #define HAVE_FCNTL_H 1
| #define HAVE_LIMITS_H 1
| #define HAVE_NETDB_H 1
| #define HAVE_NETINET_IN_H 1
| #define HAVE_STDLIB_H 1
| #define HAVE_STRING_H 1
| #define HAVE_SYS_FILE_H 1
| #define HAVE_SYS_SOCKET_H 1
| #define HAVE_SYS_TIME_H 1
| #define HAVE_UNISTD_H 1
| #define HAVE_PTHREAD_H 1
| #define HAVE_EXECINFO_H 1
| #define HAVE__BOOL 1
| #define HAVE_STDBOOL_H 1
| #define TIME_WITH_SYS_TIME 1
| #define HAVE_FORK 1
| #define HAVE_VFORK 1
| #define HAVE_WORKING_VFORK 1
| #define HAVE_WORKING_FORK 1
| #define HAVE_STDLIB_H 1
| #define HAVE_MALLOC 1
| #define HAVE_STDLIB_H 1
| #define HAVE_REALLOC 1
| #define HAVE_SYS_SELECT_H 1
| #define HAVE_SYS_SOCKET_H 1
| #define SELECT_TYPE_ARG1 int
| #define SELECT_TYPE_ARG234 (fd_set *)
| #define SELECT_TYPE_ARG5 (struct timeval *)
| #define RETSIGTYPE void
| #define LSTAT_FOLLOWS_SLASHED_SYMLINK 1
| #define HAVE_VPRINTF 1
| #define HAVE_DUP2 1
| #define HAVE_GETHOSTBYNAME 1
| #define HAVE_GETTIMEOFDAY 1
| #define HAVE_MEMMOVE 1
| #define HAVE_MEMSET 1
| #define HAVE_SELECT 1
| #define HAVE_SOCKET 1
| #define HAVE_STRCASECMP 1
| #define HAVE_STRCHR 1
| #define HAVE_STRERROR 1
| #define HAVE_STRNCASECMP 1
| #define HAVE_STRSTR 1
| #define HAVE_STRTOL 1
| #define HAVE_LOGF 1
| #define HAVE_PREAD 1
| #define HAVE_BACKTRACE 1
| #define HAVE_BACKTRACE_SYMBOLS 1
| #define HAVE_LIBRT 1
| #define HAVE_CLOCK_GETTIME 1
| #define HAVE_LOCK_EX 1
| #define HAVE_F_SETLKW 1
| #define HAVE_LIBDL 1
| #define HAVE_DLOPEN 1
| #define HAVE_DLERROR 1
| /* end confdefs.h.  */
| 
| #include <pthread.h>
| #include <stddef.h>
| 
| void * thread_routine ( void * data )
| {
| 	return data;
| }
| 
| int main ()
| {
| 	pthread_t thd;
| 	pthread_mutexattr_t mattr;
| 	pthread_once_t once_init = PTHREAD_ONCE_INIT;
| 	int data = 1;
| 
| 	pthread_mutexattr_init ( &mattr );
| 	return pthread_create ( &thd, NULL, thread_routine, &data );
| }
| 
configure:6848: gcc -o conftest -Wall -g -D_FILE_OFFSET_BITS=64 -O3 -DNDEBUG -kthread  -I/usr/local/include  conftest.c -ldl -lm -lz -lexpat  -L/usr/local/lib -lrt  >&5
gcc: error: unrecognized command line option '-kthread'
configure:6848: $? = 1
configure: program exited with status 1
configure: failed program was:
| /* confdefs.h */
| #define PACKAGE_NAME "sphinx"
| #define PACKAGE_TARNAME "sphinx"
| #define PACKAGE_VERSION "1.11"
| #define PACKAGE_STRING "sphinx 1.11"
| #define PACKAGE_BUGREPORT "shodan(at)shodan.ru"
| #define PACKAGE_URL ""
| #define PACKAGE "sphinx"
| #define VERSION "1.11"
| #define COMPILER "gcc 5.4.0"
| #define OS_UNAME "Linux iZwz910po7ze0fkemlm72lZ 4.4.0-62-generic #83-Ubuntu SMP Wed Jan 18 14:10:15 UTC 2017 x86_64 x86_64 x86_64 GNU/Linux"
| #define STDC_HEADERS 1
| #define HAVE_SYS_WAIT_H 1
| #define HAVE_SYS_TYPES_H 1
| #define HAVE_SYS_STAT_H 1
| #define HAVE_STDLIB_H 1
| #define HAVE_STRING_H 1
| #define HAVE_MEMORY_H 1
| #define HAVE_STRINGS_H 1
| #define HAVE_INTTYPES_H 1
| #define HAVE_STDINT_H 1
| #define HAVE_UNISTD_H 1
| #define HAVE_FCNTL_H 1
| #define HAVE_LIMITS_H 1
| #define HAVE_NETDB_H 1
| #define HAVE_NETINET_IN_H 1
| #define HAVE_STDLIB_H 1
| #define HAVE_STRING_H 1
| #define HAVE_SYS_FILE_H 1
| #define HAVE_SYS_SOCKET_H 1
| #define HAVE_SYS_TIME_H 1
| #define HAVE_UNISTD_H 1
| #define HAVE_PTHREAD_H 1
| #define HAVE_EXECINFO_H 1
| #define HAVE__BOOL 1
| #define HAVE_STDBOOL_H 1
| #define TIME_WITH_SYS_TIME 1
| #define HAVE_FORK 1
| #define HAVE_VFORK 1
| #define HAVE_WORKING_VFORK 1
| #define HAVE_WORKING_FORK 1
| #define HAVE_STDLIB_H 1
| #define HAVE_MALLOC 1
| #define HAVE_STDLIB_H 1
| #define HAVE_REALLOC 1
| #define HAVE_SYS_SELECT_H 1
| #define HAVE_SYS_SOCKET_H 1
| #define SELECT_TYPE_ARG1 int
| #define SELECT_TYPE_ARG234 (fd_set *)
| #define SELECT_TYPE_ARG5 (struct timeval *)
| #define RETSIGTYPE void
| #define LSTAT_FOLLOWS_SLASHED_SYMLINK 1
| #define HAVE_VPRINTF 1
| #define HAVE_DUP2 1
| #define HAVE_GETHOSTBYNAME 1
| #define HAVE_GETTIMEOFDAY 1
| #define HAVE_MEMMOVE 1
| #define HAVE_MEMSET 1
| #define HAVE_SELECT 1
| #define HAVE_SOCKET 1
| #define HAVE_STRCASECMP 1
| #define HAVE_STRCHR 1
| #define HAVE_STRERROR 1
| #define HAVE_STRNCASECMP 1
| #define HAVE_STRSTR 1
| #define HAVE_STRTOL 1
| #define HAVE_LOGF 1
| #define HAVE_PREAD 1
| #define HAVE_BACKTRACE 1
| #define HAVE_BACKTRACE_SYMBOLS 1
| #define HAVE_LIBRT 1
| #define HAVE_CLOCK_GETTIME 1
| #define HAVE_LOCK_EX 1
| #define HAVE_F_SETLKW 1
| #define HAVE_LIBDL 1
| #define HAVE_DLOPEN 1
| #define HAVE_DLERROR 1
| /* end confdefs.h.  */
| 
| #include <pthread.h>
| #include <stddef.h>
| 
| void * thread_routine ( void * data )
| {
| 	return data;
| }
| 
| int main ()
| {
| 	pthread_t thd;
| 	pthread_mutexattr_t mattr;
| 	pthread_once_t once_init = PTHREAD_ONCE_INIT;
| 	int data = 1;
| 
| 	pthread_mutexattr_init ( &mattr );
| 	return pthread_create ( &thd, NULL, thread_routine, &data );
| }
| 
configure:6848: gcc -o conftest -Wall -g -D_FILE_OFFSET_BITS=64 -O3 -DNDEBUG -pthread  -I/usr/local/include  conftest.c -ldl -lm -lz -lexpat  -L/usr/local/lib -lrt  >&5
conftest.c: In function 'main':
conftest.c:92:17: warning: unused variable 'once_init' [-Wunused-variable]
  pthread_once_t once_init = PTHREAD_ONCE_INIT;
                 ^
configure:6848: $? = 0
configure:6848: ./conftest
configure:6848: $? = 0
configure:6886: result: -pthread
configure:6897: checking for LIBS needed for pthreads
configure:6915: gcc -o conftest -Wall -g -D_FILE_OFFSET_BITS=64 -O3 -DNDEBUG  -I/usr/local/include -pthread  conftest.c -ldl -lm -lz -lexpat  -L/usr/local/lib -lrt  -lpthread >&5
conftest.c: In function 'main':
conftest.c:92:17: warning: unused variable 'once_init' [-Wunused-variable]
  pthread_once_t once_init = PTHREAD_ONCE_INIT;
                 ^
configure:6915: $? = 0
configure:6915: ./conftest
configure:6915: $? = 0
configure:6954: result: -lpthread
configure:6963: checking for pthreads
configure:6967: result: found
configure:6979: checking for pthread_mutex_timedlock
configure:6979: gcc -o conftest -Wall -g -D_FILE_OFFSET_BITS=64 -O3 -DNDEBUG  -I/usr/local/include -pthread  conftest.c -ldl -lm -lz -lexpat  -L/usr/local/lib -lrt  -lpthread >&5
configure:6979: $? = 0
configure:6979: result: yes
configure:7000: checking whether to compile with MySQL support
configure:7003: result: yes
configure:7046: checking for mysql_config
configure:7057: result: /usr/local/mysql/bin/mysql_config
configure:7148: checking for mysql_real_connect
configure:7148: gcc -o conftest -Wall -g -D_FILE_OFFSET_BITS=64 -O3 -DNDEBUG -I/usr/local/mysql/include   -I/usr/local/include -pthread  conftest.c -ldl -lm -lz -lexpat  -L/usr/local/lib -lrt  -lpthread -L/usr/local/mysql/lib -lmysqlclient -lpthread -lm -lrt -ldl >&5
configure:7148: $? = 0
configure:7148: result: yes
configure:7185: checking MySQL include files
configure:7209: result: -I/usr/local/mysql/include 
configure:7214: checking MySQL libraries
configure:7238: result: -L/usr/local/mysql/lib -lmysqlclient -lpthread -lm -lrt -ldl
configure:7272: checking whether to link statically with MySQL support
configure:7520: result: no
configure:7535: checking whether to compile with PostgreSQL support
configure:7673: result: no
configure:7695: checking whether to compile with libmmseg support
configure:7698: result: yes
configure:7765: checking libmmseg include files
configure:7778: result: -I/usr/local/mmseg3/include/mmseg/
configure:7782: checking libmmseg libraries
configure:7795: result: -L/usr/local/mmseg3/lib/ -lmmseg
configure:7838: checking whether to use 64-bit document/word IDs
configure:7856: result: no
configure:7871: checking whether to compile with libstemmer support
configure:7889: result: no
configure:7906: checking for libexpat
configure:7912: result: found
configure:7932: checking for libiconv
configure:7942: result: found
configure:7945: checking for iconv() arg types
configure:7970: g++ -c -Wall -g -D_FILE_OFFSET_BITS=64 -O3 -DNDEBUG  -I/usr/local/include -pthread -I/usr/local/mysql/include   -I/usr/local/mmseg3/include/mmseg/  conftest.cpp >&5
conftest.cpp: In function 'int main()':
conftest.cpp:94:41: error: invalid conversion from 'const char**' to 'char**' [-fpermissive]
    iconv ( cd, &inbuf, NULL, NULL, NULL );
                                         ^
In file included from conftest.cpp:87:0:
/usr/local/include/iconv.h:82:15: note:   initializing argument 2 of 'size_t libiconv(libiconv_t, char**, size_t*, char**, size_t*)'
 extern size_t iconv (iconv_t cd,  char* * inbuf, size_t *inbytesleft, char* * outbuf, size_t *outbytesleft);
               ^
configure:7970: $? = 1
configure: failed program was:
| /* confdefs.h */
| #define PACKAGE_NAME "sphinx"
| #define PACKAGE_TARNAME "sphinx"
| #define PACKAGE_VERSION "1.11"
| #define PACKAGE_STRING "sphinx 1.11"
| #define PACKAGE_BUGREPORT "shodan(at)shodan.ru"
| #define PACKAGE_URL ""
| #define PACKAGE "sphinx"
| #define VERSION "1.11"
| #define COMPILER "gcc 5.4.0"
| #define OS_UNAME "Linux iZwz910po7ze0fkemlm72lZ 4.4.0-62-generic #83-Ubuntu SMP Wed Jan 18 14:10:15 UTC 2017 x86_64 x86_64 x86_64 GNU/Linux"
| #define STDC_HEADERS 1
| #define HAVE_SYS_WAIT_H 1
| #define HAVE_SYS_TYPES_H 1
| #define HAVE_SYS_STAT_H 1
| #define HAVE_STDLIB_H 1
| #define HAVE_STRING_H 1
| #define HAVE_MEMORY_H 1
| #define HAVE_STRINGS_H 1
| #define HAVE_INTTYPES_H 1
| #define HAVE_STDINT_H 1
| #define HAVE_UNISTD_H 1
| #define HAVE_FCNTL_H 1
| #define HAVE_LIMITS_H 1
| #define HAVE_NETDB_H 1
| #define HAVE_NETINET_IN_H 1
| #define HAVE_STDLIB_H 1
| #define HAVE_STRING_H 1
| #define HAVE_SYS_FILE_H 1
| #define HAVE_SYS_SOCKET_H 1
| #define HAVE_SYS_TIME_H 1
| #define HAVE_UNISTD_H 1
| #define HAVE_PTHREAD_H 1
| #define HAVE_EXECINFO_H 1
| #define HAVE__BOOL 1
| #define HAVE_STDBOOL_H 1
| #define TIME_WITH_SYS_TIME 1
| #define HAVE_FORK 1
| #define HAVE_VFORK 1
| #define HAVE_WORKING_VFORK 1
| #define HAVE_WORKING_FORK 1
| #define HAVE_STDLIB_H 1
| #define HAVE_MALLOC 1
| #define HAVE_STDLIB_H 1
| #define HAVE_REALLOC 1
| #define HAVE_SYS_SELECT_H 1
| #define HAVE_SYS_SOCKET_H 1
| #define SELECT_TYPE_ARG1 int
| #define SELECT_TYPE_ARG234 (fd_set *)
| #define SELECT_TYPE_ARG5 (struct timeval *)
| #define RETSIGTYPE void
| #define LSTAT_FOLLOWS_SLASHED_SYMLINK 1
| #define HAVE_VPRINTF 1
| #define HAVE_DUP2 1
| #define HAVE_GETHOSTBYNAME 1
| #define HAVE_GETTIMEOFDAY 1
| #define HAVE_MEMMOVE 1
| #define HAVE_MEMSET 1
| #define HAVE_SELECT 1
| #define HAVE_SOCKET 1
| #define HAVE_STRCASECMP 1
| #define HAVE_STRCHR 1
| #define HAVE_STRERROR 1
| #define HAVE_STRNCASECMP 1
| #define HAVE_STRSTR 1
| #define HAVE_STRTOL 1
| #define HAVE_LOGF 1
| #define HAVE_PREAD 1
| #define HAVE_BACKTRACE 1
| #define HAVE_BACKTRACE_SYMBOLS 1
| #define HAVE_LIBRT 1
| #define HAVE_CLOCK_GETTIME 1
| #define HAVE_LOCK_EX 1
| #define HAVE_F_SETLKW 1
| #define HAVE_LIBDL 1
| #define HAVE_DLOPEN 1
| #define HAVE_DLERROR 1
| #define HAVE_PTHREAD_MUTEX_TIMEDLOCK 1
| #define USE_MYSQL 1
| #define USE_MMSEG 1
| #define USE_64BIT 0
| #define USE_LIBSTEMMER 0
| #define USE_LIBEXPAT 1
| #define USE_LIBICONV 0
| /* end confdefs.h.  */
| 
| 			#include <iconv.h>
| 			#include <stdio.h>
| int
| main ()
| {
| const char * inbuf;
| 			iconv_t cd;
| 			iconv ( cd, &inbuf, NULL, NULL, NULL );
| 
|   ;
|   return 0;
| }
configure:7992: result: char **
configure:8029: checking for UnixODBC
configure:8105: result: disabled
configure:8120: checking for Syslog
configure:8134: result: disabled
configure:8139: checking for unaligned RAM access
configure:8186: g++ -o conftest -Wall -g -D_FILE_OFFSET_BITS=64 -O3 -DNDEBUG  -I/usr/local/include -pthread -I/usr/local/mysql/include   -I/usr/local/mmseg3/include/mmseg/   conftest.cpp -ldl -lm -lz -lexpat  -L/usr/local/lib -lrt  -lpthread  >&5
conftest.cpp: In function 'int main()':
conftest.cpp:95:19: warning: comparison between signed and unsigned integer expressions [-Wsign-compare]
   for ( int i=0; i<8*sizeof(int); i++ )
                   ^
configure:8186: $? = 0
configure:8186: ./conftest
configure:8186: $? = 0
configure:8197: result: yes
configure:8210: checking whether byte ordering is bigendian
configure:8225: g++ -c -Wall -g -D_FILE_OFFSET_BITS=64 -O3 -DNDEBUG  -I/usr/local/include -pthread -I/usr/local/mysql/include   -I/usr/local/mmseg3/include/mmseg/  conftest.cpp >&5
conftest.cpp:90:9: error: expected unqualified-id before 'not' token
         not a universal capable compiler
         ^
configure:8225: $? = 1
configure: failed program was:
| /* confdefs.h */
| #define PACKAGE_NAME "sphinx"
| #define PACKAGE_TARNAME "sphinx"
| #define PACKAGE_VERSION "1.11"
| #define PACKAGE_STRING "sphinx 1.11"
| #define PACKAGE_BUGREPORT "shodan(at)shodan.ru"
| #define PACKAGE_URL ""
| #define PACKAGE "sphinx"
| #define VERSION "1.11"
| #define COMPILER "gcc 5.4.0"
| #define OS_UNAME "Linux iZwz910po7ze0fkemlm72lZ 4.4.0-62-generic #83-Ubuntu SMP Wed Jan 18 14:10:15 UTC 2017 x86_64 x86_64 x86_64 GNU/Linux"
| #define STDC_HEADERS 1
| #define HAVE_SYS_WAIT_H 1
| #define HAVE_SYS_TYPES_H 1
| #define HAVE_SYS_STAT_H 1
| #define HAVE_STDLIB_H 1
| #define HAVE_STRING_H 1
| #define HAVE_MEMORY_H 1
| #define HAVE_STRINGS_H 1
| #define HAVE_INTTYPES_H 1
| #define HAVE_STDINT_H 1
| #define HAVE_UNISTD_H 1
| #define HAVE_FCNTL_H 1
| #define HAVE_LIMITS_H 1
| #define HAVE_NETDB_H 1
| #define HAVE_NETINET_IN_H 1
| #define HAVE_STDLIB_H 1
| #define HAVE_STRING_H 1
| #define HAVE_SYS_FILE_H 1
| #define HAVE_SYS_SOCKET_H 1
| #define HAVE_SYS_TIME_H 1
| #define HAVE_UNISTD_H 1
| #define HAVE_PTHREAD_H 1
| #define HAVE_EXECINFO_H 1
| #define HAVE__BOOL 1
| #define HAVE_STDBOOL_H 1
| #define TIME_WITH_SYS_TIME 1
| #define HAVE_FORK 1
| #define HAVE_VFORK 1
| #define HAVE_WORKING_VFORK 1
| #define HAVE_WORKING_FORK 1
| #define HAVE_STDLIB_H 1
| #define HAVE_MALLOC 1
| #define HAVE_STDLIB_H 1
| #define HAVE_REALLOC 1
| #define HAVE_SYS_SELECT_H 1
| #define HAVE_SYS_SOCKET_H 1
| #define SELECT_TYPE_ARG1 int
| #define SELECT_TYPE_ARG234 (fd_set *)
| #define SELECT_TYPE_ARG5 (struct timeval *)
| #define RETSIGTYPE void
| #define LSTAT_FOLLOWS_SLASHED_SYMLINK 1
| #define HAVE_VPRINTF 1
| #define HAVE_DUP2 1
| #define HAVE_GETHOSTBYNAME 1
| #define HAVE_GETTIMEOFDAY 1
| #define HAVE_MEMMOVE 1
| #define HAVE_MEMSET 1
| #define HAVE_SELECT 1
| #define HAVE_SOCKET 1
| #define HAVE_STRCASECMP 1
| #define HAVE_STRCHR 1
| #define HAVE_STRERROR 1
| #define HAVE_STRNCASECMP 1
| #define HAVE_STRSTR 1
| #define HAVE_STRTOL 1
| #define HAVE_LOGF 1
| #define HAVE_PREAD 1
| #define HAVE_BACKTRACE 1
| #define HAVE_BACKTRACE_SYMBOLS 1
| #define HAVE_LIBRT 1
| #define HAVE_CLOCK_GETTIME 1
| #define HAVE_LOCK_EX 1
| #define HAVE_F_SETLKW 1
| #define HAVE_LIBDL 1
| #define HAVE_DLOPEN 1
| #define HAVE_DLERROR 1
| #define HAVE_PTHREAD_MUTEX_TIMEDLOCK 1
| #define USE_MYSQL 1
| #define USE_MMSEG 1
| #define USE_64BIT 0
| #define USE_LIBSTEMMER 0
| #define USE_LIBEXPAT 1
| #define USE_LIBICONV 0
| #define ICONV_INBUF_CONST 0
| #define USE_ZLIB 1
| #define UNALIGNED_RAM_ACCESS 1
| /* end confdefs.h.  */
| #ifndef __APPLE_CC__
| 	       not a universal capable compiler
| 	     #endif
| 	     typedef int dummy;
| 
configure:8270: g++ -c -Wall -g -D_FILE_OFFSET_BITS=64 -O3 -DNDEBUG  -I/usr/local/include -pthread -I/usr/local/mysql/include   -I/usr/local/mmseg3/include/mmseg/  conftest.cpp >&5
configure:8270: $? = 0
configure:8288: g++ -c -Wall -g -D_FILE_OFFSET_BITS=64 -O3 -DNDEBUG  -I/usr/local/include -pthread -I/usr/local/mysql/include   -I/usr/local/mmseg3/include/mmseg/  conftest.cpp >&5
conftest.cpp: In function 'int main()':
conftest.cpp:96:8: error: 'big' was not declared in this scope
    not big endian
        ^
configure:8288: $? = 1
configure: failed program was:
| /* confdefs.h */
| #define PACKAGE_NAME "sphinx"
| #define PACKAGE_TARNAME "sphinx"
| #define PACKAGE_VERSION "1.11"
| #define PACKAGE_STRING "sphinx 1.11"
| #define PACKAGE_BUGREPORT "shodan(at)shodan.ru"
| #define PACKAGE_URL ""
| #define PACKAGE "sphinx"
| #define VERSION "1.11"
| #define COMPILER "gcc 5.4.0"
| #define OS_UNAME "Linux iZwz910po7ze0fkemlm72lZ 4.4.0-62-generic #83-Ubuntu SMP Wed Jan 18 14:10:15 UTC 2017 x86_64 x86_64 x86_64 GNU/Linux"
| #define STDC_HEADERS 1
| #define HAVE_SYS_WAIT_H 1
| #define HAVE_SYS_TYPES_H 1
| #define HAVE_SYS_STAT_H 1
| #define HAVE_STDLIB_H 1
| #define HAVE_STRING_H 1
| #define HAVE_MEMORY_H 1
| #define HAVE_STRINGS_H 1
| #define HAVE_INTTYPES_H 1
| #define HAVE_STDINT_H 1
| #define HAVE_UNISTD_H 1
| #define HAVE_FCNTL_H 1
| #define HAVE_LIMITS_H 1
| #define HAVE_NETDB_H 1
| #define HAVE_NETINET_IN_H 1
| #define HAVE_STDLIB_H 1
| #define HAVE_STRING_H 1
| #define HAVE_SYS_FILE_H 1
| #define HAVE_SYS_SOCKET_H 1
| #define HAVE_SYS_TIME_H 1
| #define HAVE_UNISTD_H 1
| #define HAVE_PTHREAD_H 1
| #define HAVE_EXECINFO_H 1
| #define HAVE__BOOL 1
| #define HAVE_STDBOOL_H 1
| #define TIME_WITH_SYS_TIME 1
| #define HAVE_FORK 1
| #define HAVE_VFORK 1
| #define HAVE_WORKING_VFORK 1
| #define HAVE_WORKING_FORK 1
| #define HAVE_STDLIB_H 1
| #define HAVE_MALLOC 1
| #define HAVE_STDLIB_H 1
| #define HAVE_REALLOC 1
| #define HAVE_SYS_SELECT_H 1
| #define HAVE_SYS_SOCKET_H 1
| #define SELECT_TYPE_ARG1 int
| #define SELECT_TYPE_ARG234 (fd_set *)
| #define SELECT_TYPE_ARG5 (struct timeval *)
| #define RETSIGTYPE void
| #define LSTAT_FOLLOWS_SLASHED_SYMLINK 1
| #define HAVE_VPRINTF 1
| #define HAVE_DUP2 1
| #define HAVE_GETHOSTBYNAME 1
| #define HAVE_GETTIMEOFDAY 1
| #define HAVE_MEMMOVE 1
| #define HAVE_MEMSET 1
| #define HAVE_SELECT 1
| #define HAVE_SOCKET 1
| #define HAVE_STRCASECMP 1
| #define HAVE_STRCHR 1
| #define HAVE_STRERROR 1
| #define HAVE_STRNCASECMP 1
| #define HAVE_STRSTR 1
| #define HAVE_STRTOL 1
| #define HAVE_LOGF 1
| #define HAVE_PREAD 1
| #define HAVE_BACKTRACE 1
| #define HAVE_BACKTRACE_SYMBOLS 1
| #define HAVE_LIBRT 1
| #define HAVE_CLOCK_GETTIME 1
| #define HAVE_LOCK_EX 1
| #define HAVE_F_SETLKW 1
| #define HAVE_LIBDL 1
| #define HAVE_DLOPEN 1
| #define HAVE_DLERROR 1
| #define HAVE_PTHREAD_MUTEX_TIMEDLOCK 1
| #define USE_MYSQL 1
| #define USE_MMSEG 1
| #define USE_64BIT 0
| #define USE_LIBSTEMMER 0
| #define USE_LIBEXPAT 1
| #define USE_LIBICONV 0
| #define ICONV_INBUF_CONST 0
| #define USE_ZLIB 1
| #define UNALIGNED_RAM_ACCESS 1
| /* end confdefs.h.  */
| #include <sys/types.h>
| 		#include <sys/param.h>
| 
| int
| main ()
| {
| #if BYTE_ORDER != BIG_ENDIAN
| 		 not big endian
| 		#endif
| 
|   ;
|   return 0;
| }
configure:8416: result: no
configure:8438: result: 
configure:8440: result: generating configuration files
configure:8443: result: ------------------------------
configure:8445: result: 
configure:8570: checking that generated files are newer than configure
configure:8576: result: done
configure:8627: creating ./config.status

## ---------------------- ##
## Running config.status. ##
## ---------------------- ##

This file was extended by sphinx config.status 1.11, which was
generated by GNU Autoconf 2.69.  Invocation command line was

  CONFIG_FILES    = 
  CONFIG_HEADERS  = 
  CONFIG_LINKS    = 
  CONFIG_COMMANDS = 
  $ ./config.status 

on iZwz910po7ze0fkemlm72lZ

config.status:966: creating Makefile
config.status:966: creating src/Makefile
config.status:966: creating libstemmer_c/Makefile
config.status:966: creating doc/Makefile
config.status:966: creating sphinx.conf.dist
config.status:966: creating sphinx-min.conf.dist
config.status:966: creating config/config.h
config.status:1195: executing depfiles commands
configure:9951: result: 
configure:9953: result: configuration done
configure:9956: result: ------------------
configure:9958: result: 

## ---------------- ##
## Cache variables. ##
## ---------------- ##

ac_cv_c_bigendian=no
ac_cv_c_compiler_gnu=yes
ac_cv_c_const=yes
ac_cv_c_inline=inline
ac_cv_cxx_compiler_gnu=yes
ac_cv_define_F_SETLKW=yes
ac_cv_define_LOCK_EX=yes
ac_cv_env_CCC_set=
ac_cv_env_CCC_value=
ac_cv_env_CC_set=
ac_cv_env_CC_value=
ac_cv_env_CFLAGS_set=
ac_cv_env_CFLAGS_value=
ac_cv_env_CPPFLAGS_set=
ac_cv_env_CPPFLAGS_value=
ac_cv_env_CPP_set=
ac_cv_env_CPP_value=
ac_cv_env_CXXFLAGS_set=
ac_cv_env_CXXFLAGS_value=
ac_cv_env_CXX_set=
ac_cv_env_CXX_value=
ac_cv_env_LDFLAGS_set=
ac_cv_env_LDFLAGS_value=
ac_cv_env_LIBS_set=
ac_cv_env_LIBS_value=
ac_cv_env_PYTHON_set=
ac_cv_env_PYTHON_value=
ac_cv_env_build_alias_set=
ac_cv_env_build_alias_value=
ac_cv_env_host_alias_set=
ac_cv_env_host_alias_value=
ac_cv_env_target_alias_set=
ac_cv_env_target_alias_value=
ac_cv_func__doprnt=no
ac_cv_func_backtrace=yes
ac_cv_func_backtrace_symbols=yes
ac_cv_func_clock_gettime=yes
ac_cv_func_dlerror=yes
ac_cv_func_dlopen=yes
ac_cv_func_dup2=yes
ac_cv_func_fork=yes
ac_cv_func_fork_works=yes
ac_cv_func_gethostbyname=yes
ac_cv_func_gettimeofday=yes
ac_cv_func_logf=yes
ac_cv_func_lstat_dereferences_slashed_symlink=yes
ac_cv_func_malloc_0_nonnull=yes
ac_cv_func_memmove=yes
ac_cv_func_memset=yes
ac_cv_func_mysql_real_connect=yes
ac_cv_func_pread=yes
ac_cv_func_pthread_mutex_timedlock=yes
ac_cv_func_realloc_0_nonnull=yes
ac_cv_func_select=yes
ac_cv_func_select_args='int,fd_set *,struct timeval *'
ac_cv_func_socket=yes
ac_cv_func_stat_empty_string_bug=no
ac_cv_func_strcasecmp=yes
ac_cv_func_strchr=yes
ac_cv_func_strerror=yes
ac_cv_func_strncasecmp=yes
ac_cv_func_strstr=yes
ac_cv_func_strtol=yes
ac_cv_func_vfork=yes
ac_cv_func_vfork_works=yes
ac_cv_func_vprintf=yes
ac_cv_header_execinfo_h=yes
ac_cv_header_expat_h=yes
ac_cv_header_fcntl_h=yes
ac_cv_header_iconv_h=yes
ac_cv_header_inttypes_h=yes
ac_cv_header_limits_h=yes
ac_cv_header_memory_h=yes
ac_cv_header_netdb_h=yes
ac_cv_header_netinet_in_h=yes
ac_cv_header_pthread_h=yes
ac_cv_header_sql_h=no
ac_cv_header_stdbool_h=yes
ac_cv_header_stdc=yes
ac_cv_header_stdint_h=yes
ac_cv_header_stdlib_h=yes
ac_cv_header_string_h=yes
ac_cv_header_strings_h=yes
ac_cv_header_sys_file_h=yes
ac_cv_header_sys_select_h=yes
ac_cv_header_sys_socket_h=yes
ac_cv_header_sys_stat_h=yes
ac_cv_header_sys_time_h=yes
ac_cv_header_sys_types_h=yes
ac_cv_header_sys_wait_h=yes
ac_cv_header_syslog_h=yes
ac_cv_header_time=yes
ac_cv_header_unistd_h=yes
ac_cv_header_vfork_h=no
ac_cv_header_zlib_h=yes
ac_cv_lib_dl_dlopen=yes
ac_cv_lib_rt_clock_gettime=yes
ac_cv_mmseg_includes=/usr/local/mmseg3/include/mmseg/
ac_cv_mmseg_libs=/usr/local/mmseg3/lib/
ac_cv_objext=o
ac_cv_path_EGREP='/bin/grep -E'
ac_cv_path_GREP=/bin/grep
ac_cv_path_PYTHON=/usr/bin/python
ac_cv_path_install='/usr/bin/install -c'
ac_cv_path_mkdir=/bin/mkdir
ac_cv_prog_AWK=mawk
ac_cv_prog_CPP='gcc -E'
ac_cv_prog_ac_ct_CC=gcc
ac_cv_prog_ac_ct_CXX=g++
ac_cv_prog_ac_ct_RANLIB=ranlib
ac_cv_prog_cc_c89=
ac_cv_prog_cc_g=yes
ac_cv_prog_cxx_g=yes
ac_cv_prog_make_make_set=yes
ac_cv_search_XML_Parse=-lexpat
ac_cv_search_gethostbyname='none required'
ac_cv_search_iconv='none required'
ac_cv_search_inflate=-lz
ac_cv_search_logf=-lm
ac_cv_search_setsockopt='none required'
ac_cv_type__Bool=yes
ac_cv_type_off_t=yes
ac_cv_type_pid_t=yes
ac_cv_type_signal=void
ac_cv_type_size_t=yes
ac_cv_use_debug=no
ac_cv_use_iconv=yes
ac_cv_use_libstemmer=no
ac_cv_use_mmseg=yes
ac_cv_use_mysql=yes
ac_cv_use_pgsql=no
ac_cv_use_static_mysql=no
ac_cv_use_syslog=no
ac_cv_use_unixodbc=no
am_cv_CC_dependencies_compiler_type=gcc3
am_cv_CXX_dependencies_compiler_type=gcc3
am_cv_make_support_nested_variables=yes
am_cv_python_platform=linux2
am_cv_python_pyexecdir='${exec_prefix}/lib/python2.7/site-packages'
am_cv_python_pythondir='${prefix}/lib/python2.7/site-packages'
am_cv_python_version=2.7
sphinx_cv_pthreads_cflags=-pthread
sphinx_cv_pthreads_libs=-lpthread
sphinx_cv_unaligned_ram_access=yes

## ----------------- ##
## Output variables. ##
## ----------------- ##

ACLOCAL='aclocal-1.13'
AMDEPBACKSLASH='\'
AMDEP_FALSE='#'
AMDEP_TRUE=''
AMTAR='$${TAR-tar}'
AM_BACKSLASH='\'
AM_DEFAULT_V='$(AM_DEFAULT_VERBOSITY)'
AM_DEFAULT_VERBOSITY='1'
AM_V='$(V)'
AUTOCONF='autoconf'
AUTOHEADER='autoheader'
AUTOMAKE='automake-1.13'
AWK='mawk'
CC='gcc'
CCDEPMODE='depmode=gcc3'
CFLAGS='-Wall -g -D_FILE_OFFSET_BITS=64 -O3 -DNDEBUG'
CONFDIR='/usr/local/coreseek/var'
CPP='gcc -E'
CPPFLAGS=' -I/usr/local/include -pthread -I/usr/local/mysql/include   -I/usr/local/mmseg3/include/mmseg/ '
CXX='g++'
CXXDEPMODE='depmode=gcc3'
CXXFLAGS='-Wall -g -D_FILE_OFFSET_BITS=64 -O3 -DNDEBUG'
CYGPATH_W='echo'
DEFS='-DHAVE_CONFIG_H'
DEPDIR='.deps'
ECHO_C=''
ECHO_N='-n'
ECHO_T=''
EGREP='/bin/grep -E'
EXEEXT=''
GREP='/bin/grep'
INSTALL_DATA='${INSTALL} -m 644'
INSTALL_PROGRAM='${INSTALL}'
INSTALL_SCRIPT='${INSTALL}'
INSTALL_STRIP_PROGRAM='$(install_sh) -c -s'
LDFLAGS=''
LIBOBJS=''
LIBRT='-lrt '
LIBS='-ldl -lm -lz -lexpat  -L/usr/local/lib -lrt  -lpthread '
LTLIBOBJS=''
MAINT='#'
MAINTAINER_MODE_FALSE=''
MAINTAINER_MODE_TRUE='#'
MAKEINFO='makeinfo'
MKDIR_P='/bin/mkdir -p'
MMSEG_CFLAGS='-I/usr/local/mmseg3/include/mmseg/'
MMSEG_LIBS='-L/usr/local/mmseg3/lib/ -lmmseg'
MYSQL_CFLAGS='-I/usr/local/mysql/include '
MYSQL_LIBS='-L/usr/local/mysql/lib -lmysqlclient -lpthread -lm -lrt -ldl'
OBJEXT='o'
PACKAGE='sphinx'
PACKAGE_BUGREPORT='shodan(at)shodan.ru'
PACKAGE_NAME='sphinx'
PACKAGE_STRING='sphinx 1.11'
PACKAGE_TARNAME='sphinx'
PACKAGE_URL=''
PACKAGE_VERSION='1.11'
PATH_SEPARATOR=':'
PGSQL_CFLAGS=''
PGSQL_LIBS=''
PYTHON='/usr/bin/python'
PYTHON_CPPFLAGS=''
PYTHON_EXEC_PREFIX='${exec_prefix}'
PYTHON_LIBS=''
PYTHON_PLATFORM='linux2'
PYTHON_PREFIX='${prefix}'
PYTHON_VERSION='2.7'
RANLIB='ranlib'
SET_MAKE=''
SHELL='/bin/bash'
STRIP=''
USE_LIBSTEMMER_FALSE=''
USE_LIBSTEMMER_TRUE='#'
USE_MMSEG_FALSE='#'
USE_MMSEG_TRUE=''
USE_MYSQL_FALSE='#'
USE_MYSQL_TRUE=''
USE_PGSQL_FALSE=''
USE_PGSQL_TRUE='#'
USE_PYTHON_FALSE=''
USE_PYTHON_TRUE='#'
VERSION='1.11'
ac_ct_CC='gcc'
ac_ct_CXX='g++'
am__EXEEXT_FALSE=''
am__EXEEXT_TRUE='#'
am__fastdepCC_FALSE='#'
am__fastdepCC_TRUE=''
am__fastdepCXX_FALSE='#'
am__fastdepCXX_TRUE=''
am__include='include'
am__isrc=''
am__leading_dot='.'
am__nodep='_no'
am__quote=''
am__tar='$${TAR-tar} chof - "$$tardir"'
am__untar='$${TAR-tar} xf -'
bindir='${exec_prefix}/bin'
build_alias=''
datadir='${datarootdir}'
datarootdir='${prefix}/share'
docdir='${datarootdir}/doc/${PACKAGE_TARNAME}'
dvidir='${docdir}'
exec_prefix='${prefix}'
host_alias=''
htmldir='${docdir}'
includedir='${prefix}/include'
infodir='${datarootdir}/info'
install_sh='${SHELL} /root/coreseek-4.1-beta/csft-4.1/config/install-sh'
libdir='${exec_prefix}/lib'
libexecdir='${exec_prefix}/libexec'
localedir='${datarootdir}/locale'
localstatedir='${prefix}/var'
mandir='${datarootdir}/man'
mkdir_p='$(MKDIR_P)'
oldincludedir='/usr/include'
pdfdir='${docdir}'
pgconfig=''
pkgpyexecdir='${pyexecdir}/sphinx'
pkgpythondir='${pythondir}/sphinx'
prefix='/usr/local/coreseek'
program_transform_name='s,x,x,'
psdir='${docdir}'
pyexecdir='${exec_prefix}/lib/python2.7/site-packages'
pythondir='${prefix}/lib/python2.7/site-packages'
sbindir='${exec_prefix}/sbin'
sharedstatedir='${prefix}/com'
sysconfdir='${prefix}/etc'
target_alias=''

## ----------- ##
## confdefs.h. ##
## ----------- ##

/* confdefs.h */
#define PACKAGE_NAME "sphinx"
#define PACKAGE_TARNAME "sphinx"
#define PACKAGE_VERSION "1.11"
#define PACKAGE_STRING "sphinx 1.11"
#define PACKAGE_BUGREPORT "shodan(at)shodan.ru"
#define PACKAGE_URL ""
#define PACKAGE "sphinx"
#define VERSION "1.11"
#define COMPILER "gcc 5.4.0"
#define OS_UNAME "Linux iZwz910po7ze0fkemlm72lZ 4.4.0-62-generic #83-Ubuntu SMP Wed Jan 18 14:10:15 UTC 2017 x86_64 x86_64 x86_64 GNU/Linux"
#define STDC_HEADERS 1
#define HAVE_SYS_WAIT_H 1
#define HAVE_SYS_TYPES_H 1
#define HAVE_SYS_STAT_H 1
#define HAVE_STDLIB_H 1
#define HAVE_STRING_H 1
#define HAVE_MEMORY_H 1
#define HAVE_STRINGS_H 1
#define HAVE_INTTYPES_H 1
#define HAVE_STDINT_H 1
#define HAVE_UNISTD_H 1
#define HAVE_FCNTL_H 1
#define HAVE_LIMITS_H 1
#define HAVE_NETDB_H 1
#define HAVE_NETINET_IN_H 1
#define HAVE_STDLIB_H 1
#define HAVE_STRING_H 1
#define HAVE_SYS_FILE_H 1
#define HAVE_SYS_SOCKET_H 1
#define HAVE_SYS_TIME_H 1
#define HAVE_UNISTD_H 1
#define HAVE_PTHREAD_H 1
#define HAVE_EXECINFO_H 1
#define HAVE__BOOL 1
#define HAVE_STDBOOL_H 1
#define TIME_WITH_SYS_TIME 1
#define HAVE_FORK 1
#define HAVE_VFORK 1
#define HAVE_WORKING_VFORK 1
#define HAVE_WORKING_FORK 1
#define HAVE_STDLIB_H 1
#define HAVE_MALLOC 1
#define HAVE_STDLIB_H 1
#define HAVE_REALLOC 1
#define HAVE_SYS_SELECT_H 1
#define HAVE_SYS_SOCKET_H 1
#define SELECT_TYPE_ARG1 int
#define SELECT_TYPE_ARG234 (fd_set *)
#define SELECT_TYPE_ARG5 (struct timeval *)
#define RETSIGTYPE void
#define LSTAT_FOLLOWS_SLASHED_SYMLINK 1
#define HAVE_VPRINTF 1
#define HAVE_DUP2 1
#define HAVE_GETHOSTBYNAME 1
#define HAVE_GETTIMEOFDAY 1
#define HAVE_MEMMOVE 1
#define HAVE_MEMSET 1
#define HAVE_SELECT 1
#define HAVE_SOCKET 1
#define HAVE_STRCASECMP 1
#define HAVE_STRCHR 1
#define HAVE_STRERROR 1
#define HAVE_STRNCASECMP 1
#define HAVE_STRSTR 1
#define HAVE_STRTOL 1
#define HAVE_LOGF 1
#define HAVE_PREAD 1
#define HAVE_BACKTRACE 1
#define HAVE_BACKTRACE_SYMBOLS 1
#define HAVE_LIBRT 1
#define HAVE_CLOCK_GETTIME 1
#define HAVE_LOCK_EX 1
#define HAVE_F_SETLKW 1
#define HAVE_LIBDL 1
#define HAVE_DLOPEN 1
#define HAVE_DLERROR 1
#define HAVE_PTHREAD_MUTEX_TIMEDLOCK 1
#define USE_MYSQL 1
#define USE_MMSEG 1
#define USE_64BIT 0
#define USE_LIBSTEMMER 0
#define USE_LIBEXPAT 1
#define USE_LIBICONV 0
#define ICONV_INBUF_CONST 0
#define USE_ZLIB 1
#define UNALIGNED_RAM_ACCESS 1
#define USE_LITTLE_ENDIAN 1

configure: exit 0
